2017-07-03 11:15:26,730 [Worker-0] INFO  o.e.m.c.i.l.LifecycleMappingFactory - Using org.maven.ide.eclipse.wtp.WarLifecycleMapping lifecycle mapping for MavenProject: com.spring.henallux:rocknshop:0.0.1-SNAPSHOT @ C:\Users\May\Desktop\ExempleCodeJavaWeb\rocknshop\pom.xml.
2017-07-03 11:15:31,577 [Worker-8] INFO  o.e.m.c.i.l.LifecycleMappingFactory - Using org.maven.ide.eclipse.wtp.WarLifecycleMapping lifecycle mapping for MavenProject: com.spring.henallux:rocknshop:0.0.1-SNAPSHOT @ C:\Users\May\Desktop\ExempleCodeJavaWeb\rocknshop\pom.xml.
2017-07-03 11:15:32,208 [Worker-0] INFO  o.e.m.c.i.e.AbstractTransferListenerAdapter - Downloading https://repo.maven.apache.org/maven2/org/gwtbootstrap3/gwtbootstrap3/0.9/gwtbootstrap3-0.9.pom
2017-07-03 11:15:32,675 [Worker-0] INFO  o.e.m.c.i.e.AbstractTransferListenerAdapter - Downloaded https://repo.maven.apache.org/maven2/org/gwtbootstrap3/gwtbootstrap3/0.9/gwtbootstrap3-0.9.pom
2017-07-03 11:15:33,042 [Worker-0] INFO  o.e.m.c.i.e.AbstractTransferListenerAdapter - Downloading https://repo.maven.apache.org/maven2/org/gwtbootstrap3/gwtbootstrap3-parent/0.9/gwtbootstrap3-parent-0.9.pom
2017-07-03 11:15:33,740 [Worker-0] INFO  o.e.m.c.i.e.AbstractTransferListenerAdapter - Downloaded https://repo.maven.apache.org/maven2/org/gwtbootstrap3/gwtbootstrap3-parent/0.9/gwtbootstrap3-parent-0.9.pom
2017-07-03 11:15:34,517 [Worker-0] INFO  o.e.m.c.i.e.AbstractTransferListenerAdapter - Downloading https://repo.maven.apache.org/maven2/org/hibernate/hibernate-search-orm/4.5.2.Final/hibernate-search-orm-4.5.2.Final.pom
2017-07-03 11:15:35,851 [Worker-8] INFO  o.e.m.c.i.e.AbstractTransferListenerAdapter - Downloading https://repo.maven.apache.org/maven2/org/gwtbootstrap3/gwtbootstrap3-parent/0.9/gwtbootstrap3-parent-0.9.pom
2017-07-03 11:15:36,430 [Worker-8] INFO  o.e.m.c.i.e.AbstractTransferListenerAdapter - Downloaded https://repo.maven.apache.org/maven2/org/gwtbootstrap3/gwtbootstrap3-parent/0.9/gwtbootstrap3-parent-0.9.pom
2017-07-03 11:15:36,671 [Worker-0] INFO  o.e.m.c.i.e.AbstractTransferListenerAdapter - Downloaded https://repo.maven.apache.org/maven2/org/hibernate/hibernate-search-orm/4.5.2.Final/hibernate-search-orm-4.5.2.Final.pom
2017-07-03 11:15:37,400 [Worker-0] INFO  o.e.m.c.i.e.AbstractTransferListenerAdapter - Downloading https://repo.maven.apache.org/maven2/org/hibernate/hibernate-search-parent/4.5.2.Final/hibernate-search-parent-4.5.2.Final.pom
2017-07-03 11:15:37,497 [Worker-8] INFO  o.e.m.c.i.e.AbstractTransferListenerAdapter - Downloading https://repo.maven.apache.org/maven2/org/hibernate/hibernate-search-parent/4.5.2.Final/hibernate-search-parent-4.5.2.Final.pom
2017-07-03 11:15:37,677 [Worker-0] INFO  o.e.m.c.i.e.AbstractTransferListenerAdapter - Downloaded https://repo.maven.apache.org/maven2/org/hibernate/hibernate-search-parent/4.5.2.Final/hibernate-search-parent-4.5.2.Final.pom
2017-07-03 11:15:37,835 [Worker-8] INFO  o.e.m.c.i.e.AbstractTransferListenerAdapter - Downloaded https://repo.maven.apache.org/maven2/org/hibernate/hibernate-search-parent/4.5.2.Final/hibernate-search-parent-4.5.2.Final.pom
2017-07-03 11:15:38,339 [Worker-0] INFO  o.e.m.c.i.e.AbstractTransferListenerAdapter - Downloading https://repo.maven.apache.org/maven2/org/hibernate/hibernate-search-engine/4.5.2.Final/hibernate-search-engine-4.5.2.Final.pom
2017-07-03 11:15:38,586 [Worker-8] INFO  o.e.m.c.i.e.AbstractTransferListenerAdapter - Downloading https://repo.maven.apache.org/maven2/org/hibernate/hibernate-search-engine/4.5.2.Final/hibernate-search-engine-4.5.2.Final.pom
2017-07-03 11:15:38,667 [Worker-0] INFO  o.e.m.c.i.e.AbstractTransferListenerAdapter - Downloaded https://repo.maven.apache.org/maven2/org/hibernate/hibernate-search-engine/4.5.2.Final/hibernate-search-engine-4.5.2.Final.pom
2017-07-03 11:15:39,610 [Worker-8] INFO  o.e.m.c.i.e.AbstractTransferListenerAdapter - Downloaded https://repo.maven.apache.org/maven2/org/hibernate/hibernate-search-engine/4.5.2.Final/hibernate-search-engine-4.5.2.Final.pom
2017-07-03 11:15:39,714 [Worker-0] INFO  o.e.m.c.i.e.AbstractTransferListenerAdapter - Downloading https://repo.maven.apache.org/maven2/org/hibernate/hibernate-search-analyzers/4.5.2.Final/hibernate-search-analyzers-4.5.2.Final.pom
2017-07-03 11:15:39,907 [Worker-8] INFO  o.e.m.c.i.e.AbstractTransferListenerAdapter - Downloading https://repo.maven.apache.org/maven2/org/hibernate/hibernate-search-analyzers/4.5.2.Final/hibernate-search-analyzers-4.5.2.Final.pom
2017-07-03 11:15:39,914 [Worker-0] INFO  o.e.m.c.i.e.AbstractTransferListenerAdapter - Downloaded https://repo.maven.apache.org/maven2/org/hibernate/hibernate-search-analyzers/4.5.2.Final/hibernate-search-analyzers-4.5.2.Final.pom
2017-07-03 11:15:40,317 [Worker-0] INFO  o.e.m.c.i.e.AbstractTransferListenerAdapter - Downloading https://repo.maven.apache.org/maven2/org/apache/lucene/lucene-core/3.6.2/lucene-core-3.6.2.pom
2017-07-03 11:15:40,337 [Worker-8] INFO  o.e.m.c.i.e.AbstractTransferListenerAdapter - Downloaded https://repo.maven.apache.org/maven2/org/hibernate/hibernate-search-analyzers/4.5.2.Final/hibernate-search-analyzers-4.5.2.Final.pom
2017-07-03 11:15:40,670 [Worker-8] INFO  o.e.m.c.i.e.AbstractTransferListenerAdapter - Downloading https://repo.maven.apache.org/maven2/org/apache/lucene/lucene-core/3.6.2/lucene-core-3.6.2.pom
2017-07-03 11:15:40,684 [Worker-0] INFO  o.e.m.c.i.e.AbstractTransferListenerAdapter - Downloaded https://repo.maven.apache.org/maven2/org/apache/lucene/lucene-core/3.6.2/lucene-core-3.6.2.pom
2017-07-03 11:15:41,105 [Worker-0] INFO  o.e.m.c.i.e.AbstractTransferListenerAdapter - Downloading https://repo.maven.apache.org/maven2/org/apache/lucene/lucene-parent/3.6.2/lucene-parent-3.6.2.pom
2017-07-03 11:15:41,173 [Worker-8] INFO  o.e.m.c.i.e.AbstractTransferListenerAdapter - Downloaded https://repo.maven.apache.org/maven2/org/apache/lucene/lucene-core/3.6.2/lucene-core-3.6.2.pom
2017-07-03 11:15:41,500 [Worker-0] INFO  o.e.m.c.i.e.AbstractTransferListenerAdapter - Downloaded https://repo.maven.apache.org/maven2/org/apache/lucene/lucene-parent/3.6.2/lucene-parent-3.6.2.pom
2017-07-03 11:15:42,406 [Worker-0] INFO  o.e.m.c.i.e.AbstractTransferListenerAdapter - Downloading https://repo.maven.apache.org/maven2/org/apache/lucene/lucene-solr-grandparent/3.6.2/lucene-solr-grandparent-3.6.2.pom
2017-07-03 11:15:42,461 [Worker-8] INFO  o.e.m.c.i.e.AbstractTransferListenerAdapter - Downloading https://repo.maven.apache.org/maven2/org/apache/lucene/lucene-parent/3.6.2/lucene-parent-3.6.2.pom
2017-07-03 11:15:44,559 [Worker-8] INFO  o.e.m.c.i.e.AbstractTransferListenerAdapter - Downloaded https://repo.maven.apache.org/maven2/org/apache/lucene/lucene-parent/3.6.2/lucene-parent-3.6.2.pom
2017-07-03 11:15:44,595 [Worker-8] WARN  o.e.m.c.i.embedder.EclipseLogger - The POM for org.apache.lucene:lucene-core:jar:3.6.2 is invalid, transitive dependencies (if any) will not be available, enable debug logging for more details
2017-07-03 11:15:44,639 [Worker-0] INFO  o.e.m.c.i.e.AbstractTransferListenerAdapter - Downloaded https://repo.maven.apache.org/maven2/org/apache/lucene/lucene-solr-grandparent/3.6.2/lucene-solr-grandparent-3.6.2.pom
2017-07-03 11:15:44,980 [Worker-0] INFO  o.e.m.c.i.e.AbstractTransferListenerAdapter - Downloading https://repo.maven.apache.org/maven2/org/apache/lucene/lucene-analyzers/3.6.2/lucene-analyzers-3.6.2.pom
2017-07-03 11:15:45,210 [Worker-8] INFO  o.e.m.c.i.e.AbstractTransferListenerAdapter - Downloading https://repo.maven.apache.org/maven2/org/apache/lucene/lucene-analyzers/3.6.2/lucene-analyzers-3.6.2.pom
2017-07-03 11:15:45,331 [Worker-0] INFO  o.e.m.c.i.e.AbstractTransferListenerAdapter - Downloaded https://repo.maven.apache.org/maven2/org/apache/lucene/lucene-analyzers/3.6.2/lucene-analyzers-3.6.2.pom
2017-07-03 11:15:45,339 [Worker-8] INFO  o.e.m.c.i.e.AbstractTransferListenerAdapter - Downloaded https://repo.maven.apache.org/maven2/org/apache/lucene/lucene-analyzers/3.6.2/lucene-analyzers-3.6.2.pom
2017-07-03 11:15:45,546 [Worker-0] INFO  o.e.m.c.i.e.AbstractTransferListenerAdapter - Downloading https://repo.maven.apache.org/maven2/org/apache/solr/solr-analysis-extras/3.6.2/solr-analysis-extras-3.6.2.pom
2017-07-03 11:15:45,640 [Worker-8] INFO  o.e.m.c.i.e.AbstractTransferListenerAdapter - Downloading https://repo.maven.apache.org/maven2/org/apache/solr/solr-analysis-extras/3.6.2/solr-analysis-extras-3.6.2.pom
2017-07-03 11:15:46,567 [Worker-8] INFO  o.e.m.c.i.e.AbstractTransferListenerAdapter - Downloaded https://repo.maven.apache.org/maven2/org/apache/solr/solr-analysis-extras/3.6.2/solr-analysis-extras-3.6.2.pom
2017-07-03 11:15:46,716 [Worker-0] INFO  o.e.m.c.i.e.AbstractTransferListenerAdapter - Downloaded https://repo.maven.apache.org/maven2/org/apache/solr/solr-analysis-extras/3.6.2/solr-analysis-extras-3.6.2.pom
2017-07-03 11:15:46,903 [Worker-8] INFO  o.e.m.c.i.e.AbstractTransferListenerAdapter - Downloading https://repo.maven.apache.org/maven2/org/apache/solr/solr-parent/3.6.2/solr-parent-3.6.2.pom
2017-07-03 11:15:46,987 [Worker-0] INFO  o.e.m.c.i.e.AbstractTransferListenerAdapter - Downloading https://repo.maven.apache.org/maven2/org/apache/solr/solr-parent/3.6.2/solr-parent-3.6.2.pom
2017-07-03 11:15:47,703 [Worker-8] INFO  o.e.m.c.i.e.AbstractTransferListenerAdapter - Downloaded https://repo.maven.apache.org/maven2/org/apache/solr/solr-parent/3.6.2/solr-parent-3.6.2.pom
2017-07-03 11:15:48,051 [Worker-8] INFO  o.e.m.c.i.e.AbstractTransferListenerAdapter - Downloading https://repo.maven.apache.org/maven2/org/apache/solr/solr-core/3.6.2/solr-core-3.6.2.pom
2017-07-03 11:15:48,179 [Worker-0] INFO  o.e.m.c.i.e.AbstractTransferListenerAdapter - Downloaded https://repo.maven.apache.org/maven2/org/apache/solr/solr-parent/3.6.2/solr-parent-3.6.2.pom
2017-07-03 11:15:48,308 [Worker-8] INFO  o.e.m.c.i.e.AbstractTransferListenerAdapter - Downloaded https://repo.maven.apache.org/maven2/org/apache/solr/solr-core/3.6.2/solr-core-3.6.2.pom
2017-07-03 11:15:48,407 [Worker-0] INFO  o.e.m.c.i.e.AbstractTransferListenerAdapter - Downloading https://repo.maven.apache.org/maven2/org/apache/solr/solr-core/3.6.2/solr-core-3.6.2.pom
2017-07-03 11:15:48,477 [Worker-8] INFO  o.e.m.c.i.e.AbstractTransferListenerAdapter - Downloading https://repo.maven.apache.org/maven2/org/apache/solr/solr-solrj/4.10.4/solr-solrj-4.10.4.pom
2017-07-03 11:15:48,500 [Worker-0] INFO  o.e.m.c.i.e.AbstractTransferListenerAdapter - Downloaded https://repo.maven.apache.org/maven2/org/apache/solr/solr-core/3.6.2/solr-core-3.6.2.pom
2017-07-03 11:15:48,647 [Worker-8] INFO  o.e.m.c.i.e.AbstractTransferListenerAdapter - Downloaded https://repo.maven.apache.org/maven2/org/apache/solr/solr-solrj/4.10.4/solr-solrj-4.10.4.pom
2017-07-03 11:15:48,652 [Worker-0] INFO  o.e.m.c.i.e.AbstractTransferListenerAdapter - Downloading https://repo.maven.apache.org/maven2/org/apache/solr/solr-solrj/4.10.4/solr-solrj-4.10.4.pom
2017-07-03 11:15:48,712 [Worker-0] INFO  o.e.m.c.i.e.AbstractTransferListenerAdapter - Downloaded https://repo.maven.apache.org/maven2/org/apache/solr/solr-solrj/4.10.4/solr-solrj-4.10.4.pom
2017-07-03 11:15:48,731 [Worker-8] INFO  o.e.m.c.i.e.AbstractTransferListenerAdapter - Downloading https://repo.maven.apache.org/maven2/org/apache/solr/solr-parent/4.10.4/solr-parent-4.10.4.pom
2017-07-03 11:15:48,842 [Worker-0] INFO  o.e.m.c.i.e.AbstractTransferListenerAdapter - Downloading https://repo.maven.apache.org/maven2/org/apache/solr/solr-parent/4.10.4/solr-parent-4.10.4.pom
2017-07-03 11:15:48,909 [Worker-8] INFO  o.e.m.c.i.e.AbstractTransferListenerAdapter - Downloaded https://repo.maven.apache.org/maven2/org/apache/solr/solr-parent/4.10.4/solr-parent-4.10.4.pom
2017-07-03 11:15:49,125 [Worker-8] INFO  o.e.m.c.i.e.AbstractTransferListenerAdapter - Downloading https://repo.maven.apache.org/maven2/org/apache/lucene/lucene-solr-grandparent/4.10.4/lucene-solr-grandparent-4.10.4.pom
2017-07-03 11:15:49,555 [Worker-0] INFO  o.e.m.c.i.e.AbstractTransferListenerAdapter - Downloaded https://repo.maven.apache.org/maven2/org/apache/solr/solr-parent/4.10.4/solr-parent-4.10.4.pom
2017-07-03 11:15:49,570 [Worker-8] INFO  o.e.m.c.i.e.AbstractTransferListenerAdapter - Downloaded https://repo.maven.apache.org/maven2/org/apache/lucene/lucene-solr-grandparent/4.10.4/lucene-solr-grandparent-4.10.4.pom
2017-07-03 11:15:49,615 [Worker-0] INFO  o.e.m.c.i.e.AbstractTransferListenerAdapter - Downloading https://repo.maven.apache.org/maven2/org/apache/lucene/lucene-solr-grandparent/4.10.4/lucene-solr-grandparent-4.10.4.pom
2017-07-03 11:15:49,835 [Worker-8] INFO  o.e.m.c.i.e.AbstractTransferListenerAdapter - Downloading https://repo.maven.apache.org/maven2/commons-io/commons-io/2.3/commons-io-2.3.pom
2017-07-03 11:15:50,132 [Worker-0] INFO  o.e.m.c.i.e.AbstractTransferListenerAdapter - Downloaded https://repo.maven.apache.org/maven2/org/apache/lucene/lucene-solr-grandparent/4.10.4/lucene-solr-grandparent-4.10.4.pom
2017-07-03 11:15:50,132 [Worker-8] INFO  o.e.m.c.i.e.AbstractTransferListenerAdapter - Downloaded https://repo.maven.apache.org/maven2/commons-io/commons-io/2.3/commons-io-2.3.pom
2017-07-03 11:15:50,499 [Worker-8] INFO  o.e.m.c.i.e.AbstractTransferListenerAdapter - Downloading https://repo.maven.apache.org/maven2/org/apache/httpcomponents/httpclient/4.5.1/httpclient-4.5.1.pom
2017-07-03 11:15:50,583 [Worker-0] INFO  o.e.m.c.i.e.AbstractTransferListenerAdapter - Downloading https://repo.maven.apache.org/maven2/org/apache/httpcomponents/httpclient/4.5.1/httpclient-4.5.1.pom
2017-07-03 11:15:50,589 [Worker-8] INFO  o.e.m.c.i.e.AbstractTransferListenerAdapter - Downloaded https://repo.maven.apache.org/maven2/org/apache/httpcomponents/httpclient/4.5.1/httpclient-4.5.1.pom
2017-07-03 11:15:50,654 [Worker-0] INFO  o.e.m.c.i.e.AbstractTransferListenerAdapter - Downloaded https://repo.maven.apache.org/maven2/org/apache/httpcomponents/httpclient/4.5.1/httpclient-4.5.1.pom
2017-07-03 11:15:50,672 [Worker-8] INFO  o.e.m.c.i.e.AbstractTransferListenerAdapter - Downloading https://repo.maven.apache.org/maven2/org/apache/httpcomponents/httpcomponents-client/4.5.1/httpcomponents-client-4.5.1.pom
2017-07-03 11:15:50,754 [Worker-0] INFO  o.e.m.c.i.e.AbstractTransferListenerAdapter - Downloading https://repo.maven.apache.org/maven2/org/apache/httpcomponents/httpcomponents-client/4.5.1/httpcomponents-client-4.5.1.pom
2017-07-03 11:15:50,761 [Worker-8] INFO  o.e.m.c.i.e.AbstractTransferListenerAdapter - Downloaded https://repo.maven.apache.org/maven2/org/apache/httpcomponents/httpcomponents-client/4.5.1/httpcomponents-client-4.5.1.pom
2017-07-03 11:15:50,976 [Worker-8] INFO  o.e.m.c.i.e.AbstractTransferListenerAdapter - Downloading https://repo.maven.apache.org/maven2/org/apache/httpcomponents/project/7/project-7.pom
2017-07-03 11:15:50,989 [Worker-0] INFO  o.e.m.c.i.e.AbstractTransferListenerAdapter - Downloaded https://repo.maven.apache.org/maven2/org/apache/httpcomponents/httpcomponents-client/4.5.1/httpcomponents-client-4.5.1.pom
2017-07-03 11:15:51,124 [Worker-8] INFO  o.e.m.c.i.e.AbstractTransferListenerAdapter - Downloaded https://repo.maven.apache.org/maven2/org/apache/httpcomponents/project/7/project-7.pom
2017-07-03 11:15:52,071 [Worker-0] INFO  o.e.m.c.i.e.AbstractTransferListenerAdapter - Downloading https://repo.maven.apache.org/maven2/org/apache/httpcomponents/project/7/project-7.pom
2017-07-03 11:15:52,093 [Worker-8] INFO  o.e.m.c.i.e.AbstractTransferListenerAdapter - Downloading https://repo.maven.apache.org/maven2/org/apache/httpcomponents/httpcore/4.4.4/httpcore-4.4.4.pom
2017-07-03 11:15:52,195 [Worker-0] INFO  o.e.m.c.i.e.AbstractTransferListenerAdapter - Downloaded https://repo.maven.apache.org/maven2/org/apache/httpcomponents/project/7/project-7.pom
2017-07-03 11:15:52,395 [Worker-8] INFO  o.e.m.c.i.e.AbstractTransferListenerAdapter - Downloaded https://repo.maven.apache.org/maven2/org/apache/httpcomponents/httpcore/4.4.4/httpcore-4.4.4.pom
2017-07-03 11:15:52,554 [Worker-8] INFO  o.e.m.c.i.e.AbstractTransferListenerAdapter - Downloading https://repo.maven.apache.org/maven2/org/apache/httpcomponents/httpcomponents-core/4.4.4/httpcomponents-core-4.4.4.pom
2017-07-03 11:15:52,555 [Worker-0] INFO  o.e.m.c.i.e.AbstractTransferListenerAdapter - Downloading https://repo.maven.apache.org/maven2/org/apache/httpcomponents/httpcore/4.4.4/httpcore-4.4.4.pom
2017-07-03 11:15:53,102 [Worker-8] INFO  o.e.m.c.i.e.AbstractTransferListenerAdapter - Downloaded https://repo.maven.apache.org/maven2/org/apache/httpcomponents/httpcomponents-core/4.4.4/httpcomponents-core-4.4.4.pom
2017-07-03 11:15:53,108 [Worker-0] INFO  o.e.m.c.i.e.AbstractTransferListenerAdapter - Downloaded https://repo.maven.apache.org/maven2/org/apache/httpcomponents/httpcore/4.4.4/httpcore-4.4.4.pom
2017-07-03 11:15:53,667 [Worker-8] INFO  o.e.m.c.i.e.AbstractTransferListenerAdapter - Downloading https://repo.maven.apache.org/maven2/org/apache/httpcomponents/httpmime/4.5.1/httpmime-4.5.1.pom
2017-07-03 11:15:53,667 [Worker-0] INFO  o.e.m.c.i.e.AbstractTransferListenerAdapter - Downloading https://repo.maven.apache.org/maven2/org/apache/httpcomponents/httpmime/4.5.1/httpmime-4.5.1.pom
2017-07-03 11:15:56,254 [Worker-8] INFO  o.e.m.c.i.e.AbstractTransferListenerAdapter - Downloaded https://repo.maven.apache.org/maven2/org/apache/httpcomponents/httpmime/4.5.1/httpmime-4.5.1.pom
2017-07-03 11:15:56,311 [Worker-0] INFO  o.e.m.c.i.e.AbstractTransferListenerAdapter - Downloaded https://repo.maven.apache.org/maven2/org/apache/httpcomponents/httpmime/4.5.1/httpmime-4.5.1.pom
2017-07-03 11:15:56,341 [Worker-8] INFO  o.e.m.c.i.e.AbstractTransferListenerAdapter - Downloading https://repo.maven.apache.org/maven2/org/noggit/noggit/0.5/noggit-0.5.pom
2017-07-03 11:15:56,397 [Worker-0] INFO  o.e.m.c.i.e.AbstractTransferListenerAdapter - Downloading https://repo.maven.apache.org/maven2/org/noggit/noggit/0.5/noggit-0.5.pom
2017-07-03 11:15:57,254 [Worker-8] INFO  o.e.m.c.i.e.AbstractTransferListenerAdapter - Downloaded https://repo.maven.apache.org/maven2/org/noggit/noggit/0.5/noggit-0.5.pom
2017-07-03 11:15:57,275 [Worker-0] INFO  o.e.m.c.i.e.AbstractTransferListenerAdapter - Downloaded https://repo.maven.apache.org/maven2/org/noggit/noggit/0.5/noggit-0.5.pom
2017-07-03 11:15:57,380 [Worker-8] INFO  o.e.m.c.i.e.AbstractTransferListenerAdapter - Downloading https://repo.maven.apache.org/maven2/org/apache/lucene/lucene-highlighter/3.6.2/lucene-highlighter-3.6.2.pom
2017-07-03 11:15:57,380 [Worker-0] INFO  o.e.m.c.i.e.AbstractTransferListenerAdapter - Downloading https://repo.maven.apache.org/maven2/org/apache/lucene/lucene-highlighter/3.6.2/lucene-highlighter-3.6.2.pom
2017-07-03 11:15:58,989 [Worker-8] INFO  o.e.m.c.i.e.AbstractTransferListenerAdapter - Downloaded https://repo.maven.apache.org/maven2/org/apache/lucene/lucene-highlighter/3.6.2/lucene-highlighter-3.6.2.pom
2017-07-03 11:15:59,391 [Worker-8] INFO  o.e.m.c.i.e.AbstractTransferListenerAdapter - Downloading https://repo.maven.apache.org/maven2/org/apache/lucene/lucene-memory/3.6.2/lucene-memory-3.6.2.pom
2017-07-03 11:15:59,466 [Worker-0] INFO  o.e.m.c.i.e.AbstractTransferListenerAdapter - Downloaded https://repo.maven.apache.org/maven2/org/apache/lucene/lucene-highlighter/3.6.2/lucene-highlighter-3.6.2.pom
2017-07-03 11:15:59,690 [Worker-8] INFO  o.e.m.c.i.e.AbstractTransferListenerAdapter - Downloaded https://repo.maven.apache.org/maven2/org/apache/lucene/lucene-memory/3.6.2/lucene-memory-3.6.2.pom
2017-07-03 11:15:59,934 [Worker-8] INFO  o.e.m.c.i.e.AbstractTransferListenerAdapter - Downloading https://repo.maven.apache.org/maven2/org/apache/lucene/lucene-kuromoji/3.6.2/lucene-kuromoji-3.6.2.pom
2017-07-03 11:16:00,218 [Worker-0] INFO  o.e.m.c.i.e.AbstractTransferListenerAdapter - Downloading https://repo.maven.apache.org/maven2/org/apache/lucene/lucene-memory/3.6.2/lucene-memory-3.6.2.pom
2017-07-03 11:16:00,501 [Worker-0] INFO  o.e.m.c.i.e.AbstractTransferListenerAdapter - Downloaded https://repo.maven.apache.org/maven2/org/apache/lucene/lucene-memory/3.6.2/lucene-memory-3.6.2.pom
2017-07-03 11:16:01,321 [Worker-8] INFO  o.e.m.c.i.e.AbstractTransferListenerAdapter - Downloaded https://repo.maven.apache.org/maven2/org/apache/lucene/lucene-kuromoji/3.6.2/lucene-kuromoji-3.6.2.pom
2017-07-03 11:16:01,500 [Worker-0] INFO  o.e.m.c.i.e.AbstractTransferListenerAdapter - Downloading https://repo.maven.apache.org/maven2/org/apache/lucene/lucene-kuromoji/3.6.2/lucene-kuromoji-3.6.2.pom
2017-07-03 11:16:01,592 [Worker-8] INFO  o.e.m.c.i.e.AbstractTransferListenerAdapter - Downloading https://repo.maven.apache.org/maven2/org/apache/lucene/lucene-misc/3.6.2/lucene-misc-3.6.2.pom
2017-07-03 11:16:01,638 [Worker-0] INFO  o.e.m.c.i.e.AbstractTransferListenerAdapter - Downloaded https://repo.maven.apache.org/maven2/org/apache/lucene/lucene-kuromoji/3.6.2/lucene-kuromoji-3.6.2.pom
2017-07-03 11:16:01,744 [Worker-8] INFO  o.e.m.c.i.e.AbstractTransferListenerAdapter - Downloaded https://repo.maven.apache.org/maven2/org/apache/lucene/lucene-misc/3.6.2/lucene-misc-3.6.2.pom
2017-07-03 11:16:01,784 [Worker-0] INFO  o.e.m.c.i.e.AbstractTransferListenerAdapter - Downloading https://repo.maven.apache.org/maven2/org/apache/lucene/lucene-misc/3.6.2/lucene-misc-3.6.2.pom
2017-07-03 11:16:01,846 [Worker-0] INFO  o.e.m.c.i.e.AbstractTransferListenerAdapter - Downloaded https://repo.maven.apache.org/maven2/org/apache/lucene/lucene-misc/3.6.2/lucene-misc-3.6.2.pom
2017-07-03 11:16:01,877 [Worker-8] INFO  o.e.m.c.i.e.AbstractTransferListenerAdapter - Downloading https://repo.maven.apache.org/maven2/org/apache/lucene/lucene-phonetic/3.6.2/lucene-phonetic-3.6.2.pom
2017-07-03 11:16:02,029 [Worker-0] INFO  o.e.m.c.i.e.AbstractTransferListenerAdapter - Downloading https://repo.maven.apache.org/maven2/org/apache/lucene/lucene-phonetic/3.6.2/lucene-phonetic-3.6.2.pom
2017-07-03 11:16:02,612 [Worker-8] INFO  o.e.m.c.i.e.AbstractTransferListenerAdapter - Downloaded https://repo.maven.apache.org/maven2/org/apache/lucene/lucene-phonetic/3.6.2/lucene-phonetic-3.6.2.pom
2017-07-03 11:16:02,850 [Worker-8] INFO  o.e.m.c.i.e.AbstractTransferListenerAdapter - Downloading https://repo.maven.apache.org/maven2/org/apache/lucene/lucene-spatial/3.6.2/lucene-spatial-3.6.2.pom
2017-07-03 11:16:02,870 [Worker-0] INFO  o.e.m.c.i.e.AbstractTransferListenerAdapter - Downloaded https://repo.maven.apache.org/maven2/org/apache/lucene/lucene-phonetic/3.6.2/lucene-phonetic-3.6.2.pom
2017-07-03 11:16:03,467 [Worker-0] INFO  o.e.m.c.i.e.AbstractTransferListenerAdapter - Downloading https://repo.maven.apache.org/maven2/org/apache/lucene/lucene-spatial/3.6.2/lucene-spatial-3.6.2.pom
2017-07-03 11:16:04,975 [Worker-8] INFO  o.e.m.c.i.e.AbstractTransferListenerAdapter - Downloaded https://repo.maven.apache.org/maven2/org/apache/lucene/lucene-spatial/3.6.2/lucene-spatial-3.6.2.pom
2017-07-03 11:16:05,138 [Worker-8] INFO  o.e.m.c.i.e.AbstractTransferListenerAdapter - Downloading https://repo.maven.apache.org/maven2/org/apache/lucene/lucene-spellchecker/3.6.2/lucene-spellchecker-3.6.2.pom
2017-07-03 11:16:05,572 [Worker-0] INFO  o.e.m.c.i.e.AbstractTransferListenerAdapter - Downloaded https://repo.maven.apache.org/maven2/org/apache/lucene/lucene-spatial/3.6.2/lucene-spatial-3.6.2.pom
2017-07-03 11:16:05,596 [Worker-8] INFO  o.e.m.c.i.e.AbstractTransferListenerAdapter - Downloaded https://repo.maven.apache.org/maven2/org/apache/lucene/lucene-spellchecker/3.6.2/lucene-spellchecker-3.6.2.pom
2017-07-03 11:16:06,358 [Worker-8] INFO  o.e.m.c.i.e.AbstractTransferListenerAdapter - Downloading https://repo.maven.apache.org/maven2/org/apache/lucene/lucene-grouping/3.6.2/lucene-grouping-3.6.2.pom
2017-07-03 11:16:07,271 [Worker-0] INFO  o.e.m.c.i.e.AbstractTransferListenerAdapter - Downloading https://repo.maven.apache.org/maven2/org/apache/lucene/lucene-spellchecker/3.6.2/lucene-spellchecker-3.6.2.pom
2017-07-03 11:16:07,276 [Worker-8] INFO  o.e.m.c.i.e.AbstractTransferListenerAdapter - Downloaded https://repo.maven.apache.org/maven2/org/apache/lucene/lucene-grouping/3.6.2/lucene-grouping-3.6.2.pom
2017-07-03 11:16:07,846 [Worker-0] INFO  o.e.m.c.i.e.AbstractTransferListenerAdapter - Downloaded https://repo.maven.apache.org/maven2/org/apache/lucene/lucene-spellchecker/3.6.2/lucene-spellchecker-3.6.2.pom
2017-07-03 11:16:07,917 [Worker-8] INFO  o.e.m.c.i.e.AbstractTransferListenerAdapter - Downloading https://repo.maven.apache.org/maven2/commons-io/commons-io/2.1/commons-io-2.1.pom
2017-07-03 11:16:07,939 [Worker-0] INFO  o.e.m.c.i.e.AbstractTransferListenerAdapter - Downloading https://repo.maven.apache.org/maven2/commons-io/commons-io/2.1/commons-io-2.1.pom
2017-07-03 11:16:07,998 [Worker-8] INFO  o.e.m.c.i.e.AbstractTransferListenerAdapter - Downloaded https://repo.maven.apache.org/maven2/commons-io/commons-io/2.1/commons-io-2.1.pom
2017-07-03 11:16:08,064 [Worker-0] INFO  o.e.m.c.i.e.AbstractTransferListenerAdapter - Downloaded https://repo.maven.apache.org/maven2/commons-io/commons-io/2.1/commons-io-2.1.pom
2017-07-03 11:16:08,224 [Worker-8] INFO  o.e.m.c.i.e.AbstractTransferListenerAdapter - Downloading https://repo.maven.apache.org/maven2/commons-lang/commons-lang/2.6/commons-lang-2.6.pom
2017-07-03 11:16:08,314 [Worker-0] INFO  o.e.m.c.i.e.AbstractTransferListenerAdapter - Downloading https://repo.maven.apache.org/maven2/commons-lang/commons-lang/2.6/commons-lang-2.6.pom
2017-07-03 11:16:08,487 [Worker-8] INFO  o.e.m.c.i.e.AbstractTransferListenerAdapter - Downloaded https://repo.maven.apache.org/maven2/commons-lang/commons-lang/2.6/commons-lang-2.6.pom
2017-07-03 11:16:08,592 [Worker-0] INFO  o.e.m.c.i.e.AbstractTransferListenerAdapter - Downloaded https://repo.maven.apache.org/maven2/commons-lang/commons-lang/2.6/commons-lang-2.6.pom
2017-07-03 11:16:08,890 [Worker-8] INFO  o.e.m.c.i.e.AbstractTransferListenerAdapter - Downloading https://repo.maven.apache.org/maven2/org/apache/lucene/lucene-smartcn/3.6.2/lucene-smartcn-3.6.2.pom
2017-07-03 11:16:09,026 [Worker-0] INFO  o.e.m.c.i.e.AbstractTransferListenerAdapter - Downloading https://repo.maven.apache.org/maven2/org/apache/lucene/lucene-smartcn/3.6.2/lucene-smartcn-3.6.2.pom
2017-07-03 11:16:09,462 [Worker-8] INFO  o.e.m.c.i.e.AbstractTransferListenerAdapter - Downloaded https://repo.maven.apache.org/maven2/org/apache/lucene/lucene-smartcn/3.6.2/lucene-smartcn-3.6.2.pom
2017-07-03 11:16:09,516 [Worker-0] INFO  o.e.m.c.i.e.AbstractTransferListenerAdapter - Downloaded https://repo.maven.apache.org/maven2/org/apache/lucene/lucene-smartcn/3.6.2/lucene-smartcn-3.6.2.pom
2017-07-03 11:16:09,581 [Worker-8] INFO  o.e.m.c.i.e.AbstractTransferListenerAdapter - Downloading https://repo.maven.apache.org/maven2/org/apache/lucene/lucene-stempel/3.6.2/lucene-stempel-3.6.2.pom
2017-07-03 11:16:09,587 [Worker-0] INFO  o.e.m.c.i.e.AbstractTransferListenerAdapter - Downloading https://repo.maven.apache.org/maven2/org/apache/lucene/lucene-stempel/3.6.2/lucene-stempel-3.6.2.pom
2017-07-03 11:16:09,631 [Worker-8] INFO  o.e.m.c.i.e.AbstractTransferListenerAdapter - Downloaded https://repo.maven.apache.org/maven2/org/apache/lucene/lucene-stempel/3.6.2/lucene-stempel-3.6.2.pom
2017-07-03 11:16:09,646 [Worker-0] INFO  o.e.m.c.i.e.AbstractTransferListenerAdapter - Downloaded https://repo.maven.apache.org/maven2/org/apache/lucene/lucene-stempel/3.6.2/lucene-stempel-3.6.2.pom
2017-07-03 11:16:09,710 [Worker-8] INFO  o.e.m.c.i.e.AbstractTransferListenerAdapter - Downloading https://repo.maven.apache.org/maven2/org/apache/avro/avro/1.7.6/avro-1.7.6.pom
2017-07-03 11:16:09,714 [Worker-0] INFO  o.e.m.c.i.e.AbstractTransferListenerAdapter - Downloading https://repo.maven.apache.org/maven2/org/apache/avro/avro/1.7.6/avro-1.7.6.pom
2017-07-03 11:16:09,762 [Worker-8] INFO  o.e.m.c.i.e.AbstractTransferListenerAdapter - Downloaded https://repo.maven.apache.org/maven2/org/apache/avro/avro/1.7.6/avro-1.7.6.pom
2017-07-03 11:16:09,771 [Worker-0] INFO  o.e.m.c.i.e.AbstractTransferListenerAdapter - Downloaded https://repo.maven.apache.org/maven2/org/apache/avro/avro/1.7.6/avro-1.7.6.pom
2017-07-03 11:16:09,822 [Worker-8] INFO  o.e.m.c.i.e.AbstractTransferListenerAdapter - Downloading https://repo.maven.apache.org/maven2/org/apache/avro/avro-parent/1.7.6/avro-parent-1.7.6.pom
2017-07-03 11:16:09,830 [Worker-0] INFO  o.e.m.c.i.e.AbstractTransferListenerAdapter - Downloading https://repo.maven.apache.org/maven2/org/apache/avro/avro-parent/1.7.6/avro-parent-1.7.6.pom
2017-07-03 11:16:09,877 [Worker-8] INFO  o.e.m.c.i.e.AbstractTransferListenerAdapter - Downloaded https://repo.maven.apache.org/maven2/org/apache/avro/avro-parent/1.7.6/avro-parent-1.7.6.pom
2017-07-03 11:16:09,895 [Worker-0] INFO  o.e.m.c.i.e.AbstractTransferListenerAdapter - Downloaded https://repo.maven.apache.org/maven2/org/apache/avro/avro-parent/1.7.6/avro-parent-1.7.6.pom
2017-07-03 11:16:09,935 [Worker-8] INFO  o.e.m.c.i.e.AbstractTransferListenerAdapter - Downloading https://repo.maven.apache.org/maven2/org/apache/avro/avro-toplevel/1.7.6/avro-toplevel-1.7.6.pom
2017-07-03 11:16:09,949 [Worker-0] INFO  o.e.m.c.i.e.AbstractTransferListenerAdapter - Downloading https://repo.maven.apache.org/maven2/org/apache/avro/avro-toplevel/1.7.6/avro-toplevel-1.7.6.pom
2017-07-03 11:16:09,985 [Worker-8] INFO  o.e.m.c.i.e.AbstractTransferListenerAdapter - Downloaded https://repo.maven.apache.org/maven2/org/apache/avro/avro-toplevel/1.7.6/avro-toplevel-1.7.6.pom
2017-07-03 11:16:10,058 [Worker-0] INFO  o.e.m.c.i.e.AbstractTransferListenerAdapter - Downloaded https://repo.maven.apache.org/maven2/org/apache/avro/avro-toplevel/1.7.6/avro-toplevel-1.7.6.pom
2017-07-03 11:16:10,102 [Worker-8] INFO  o.e.m.c.i.e.AbstractTransferListenerAdapter - Downloading https://repo.maven.apache.org/maven2/org/codehaus/jackson/jackson-core-asl/1.9.13/jackson-core-asl-1.9.13.pom
2017-07-03 11:16:10,157 [Worker-0] INFO  o.e.m.c.i.e.AbstractTransferListenerAdapter - Downloading https://repo.maven.apache.org/maven2/org/codehaus/jackson/jackson-core-asl/1.9.13/jackson-core-asl-1.9.13.pom
2017-07-03 11:16:10,199 [Worker-8] INFO  o.e.m.c.i.e.AbstractTransferListenerAdapter - Downloaded https://repo.maven.apache.org/maven2/org/codehaus/jackson/jackson-core-asl/1.9.13/jackson-core-asl-1.9.13.pom
2017-07-03 11:16:10,210 [Worker-0] INFO  o.e.m.c.i.e.AbstractTransferListenerAdapter - Downloaded https://repo.maven.apache.org/maven2/org/codehaus/jackson/jackson-core-asl/1.9.13/jackson-core-asl-1.9.13.pom
2017-07-03 11:16:10,260 [Worker-8] INFO  o.e.m.c.i.e.AbstractTransferListenerAdapter - Downloading https://repo.maven.apache.org/maven2/org/codehaus/jackson/jackson-mapper-asl/1.9.13/jackson-mapper-asl-1.9.13.pom
2017-07-03 11:16:10,264 [Worker-0] INFO  o.e.m.c.i.e.AbstractTransferListenerAdapter - Downloading https://repo.maven.apache.org/maven2/org/codehaus/jackson/jackson-mapper-asl/1.9.13/jackson-mapper-asl-1.9.13.pom
2017-07-03 11:16:10,307 [Worker-8] INFO  o.e.m.c.i.e.AbstractTransferListenerAdapter - Downloaded https://repo.maven.apache.org/maven2/org/codehaus/jackson/jackson-mapper-asl/1.9.13/jackson-mapper-asl-1.9.13.pom
2017-07-03 11:16:10,338 [Worker-0] INFO  o.e.m.c.i.e.AbstractTransferListenerAdapter - Downloaded https://repo.maven.apache.org/maven2/org/codehaus/jackson/jackson-mapper-asl/1.9.13/jackson-mapper-asl-1.9.13.pom
2017-07-03 11:16:10,363 [Worker-8] INFO  o.e.m.c.i.e.AbstractTransferListenerAdapter - Downloading https://repo.maven.apache.org/maven2/org/apache/commons/commons-compress/1.4.1/commons-compress-1.4.1.pom
2017-07-03 11:16:10,395 [Worker-0] INFO  o.e.m.c.i.e.AbstractTransferListenerAdapter - Downloading https://repo.maven.apache.org/maven2/org/apache/commons/commons-compress/1.4.1/commons-compress-1.4.1.pom
2017-07-03 11:16:10,410 [Worker-8] INFO  o.e.m.c.i.e.AbstractTransferListenerAdapter - Downloaded https://repo.maven.apache.org/maven2/org/apache/commons/commons-compress/1.4.1/commons-compress-1.4.1.pom
2017-07-03 11:16:10,450 [Worker-0] INFO  o.e.m.c.i.e.AbstractTransferListenerAdapter - Downloaded https://repo.maven.apache.org/maven2/org/apache/commons/commons-compress/1.4.1/commons-compress-1.4.1.pom
2017-07-03 11:16:10,475 [Worker-8] INFO  o.e.m.c.i.e.AbstractTransferListenerAdapter - Downloading https://repo.maven.apache.org/maven2/org/apache/lucene/lucene-facet/3.6.2/lucene-facet-3.6.2.pom
2017-07-03 11:16:10,508 [Worker-0] INFO  o.e.m.c.i.e.AbstractTransferListenerAdapter - Downloading https://repo.maven.apache.org/maven2/org/apache/lucene/lucene-facet/3.6.2/lucene-facet-3.6.2.pom
2017-07-03 11:16:10,550 [Worker-8] INFO  o.e.m.c.i.e.AbstractTransferListenerAdapter - Downloaded https://repo.maven.apache.org/maven2/org/apache/lucene/lucene-facet/3.6.2/lucene-facet-3.6.2.pom
2017-07-03 11:16:10,595 [Worker-0] INFO  o.e.m.c.i.e.AbstractTransferListenerAdapter - Downloaded https://repo.maven.apache.org/maven2/org/apache/lucene/lucene-facet/3.6.2/lucene-facet-3.6.2.pom
2017-07-03 11:16:12,703 [Worker-8] INFO  o.e.m.c.i.e.AbstractTransferListenerAdapter - Downloading https://repo.maven.apache.org/maven2/org/gwtbootstrap3/gwtbootstrap3/0.9/gwtbootstrap3-0.9.jar
2017-07-03 11:16:12,962 [Worker-8] INFO  o.e.m.c.i.e.AbstractTransferListenerAdapter - Downloaded https://repo.maven.apache.org/maven2/org/gwtbootstrap3/gwtbootstrap3/0.9/gwtbootstrap3-0.9.jar
2017-07-03 11:16:13,218 [Worker-8] INFO  o.e.m.c.i.e.AbstractTransferListenerAdapter - Downloading https://repo.maven.apache.org/maven2/org/hibernate/hibernate-search-orm/4.5.2.Final/hibernate-search-orm-4.5.2.Final.jar
2017-07-03 11:16:13,293 [Worker-8] INFO  o.e.m.c.i.e.AbstractTransferListenerAdapter - Downloaded https://repo.maven.apache.org/maven2/org/hibernate/hibernate-search-orm/4.5.2.Final/hibernate-search-orm-4.5.2.Final.jar
2017-07-03 11:16:13,335 [Worker-8] INFO  o.e.m.c.i.e.AbstractTransferListenerAdapter - Downloading https://repo.maven.apache.org/maven2/org/hibernate/hibernate-search-analyzers/4.5.2.Final/hibernate-search-analyzers-4.5.2.Final.jar
2017-07-03 11:16:13,503 [Worker-8] INFO  o.e.m.c.i.e.AbstractTransferListenerAdapter - Downloaded https://repo.maven.apache.org/maven2/org/hibernate/hibernate-search-analyzers/4.5.2.Final/hibernate-search-analyzers-4.5.2.Final.jar
2017-07-03 11:16:13,545 [Worker-8] INFO  o.e.m.c.i.e.AbstractTransferListenerAdapter - Downloading https://repo.maven.apache.org/maven2/org/apache/lucene/lucene-analyzers/3.6.2/lucene-analyzers-3.6.2.jar
2017-07-03 11:16:13,885 [Worker-8] INFO  o.e.m.c.i.e.AbstractTransferListenerAdapter - Downloaded https://repo.maven.apache.org/maven2/org/apache/lucene/lucene-analyzers/3.6.2/lucene-analyzers-3.6.2.jar
2017-07-03 11:16:13,936 [Worker-8] INFO  o.e.m.c.i.e.AbstractTransferListenerAdapter - Downloading https://repo.maven.apache.org/maven2/org/apache/solr/solr-analysis-extras/3.6.2/solr-analysis-extras-3.6.2.jar
2017-07-03 11:16:13,987 [Worker-8] INFO  o.e.m.c.i.e.AbstractTransferListenerAdapter - Downloaded https://repo.maven.apache.org/maven2/org/apache/solr/solr-analysis-extras/3.6.2/solr-analysis-extras-3.6.2.jar
2017-07-03 11:16:14,053 [Worker-8] INFO  o.e.m.c.i.e.AbstractTransferListenerAdapter - Downloading https://repo.maven.apache.org/maven2/org/apache/solr/solr-core/3.6.2/solr-core-3.6.2.jar
2017-07-03 11:16:14,474 [Worker-8] INFO  o.e.m.c.i.e.AbstractTransferListenerAdapter - Downloaded https://repo.maven.apache.org/maven2/org/apache/solr/solr-core/3.6.2/solr-core-3.6.2.jar
2017-07-03 11:16:14,519 [Worker-8] INFO  o.e.m.c.i.e.AbstractTransferListenerAdapter - Downloading https://repo.maven.apache.org/maven2/org/apache/solr/solr-solrj/4.10.4/solr-solrj-4.10.4.jar
2017-07-03 11:16:14,788 [Worker-8] INFO  o.e.m.c.i.e.AbstractTransferListenerAdapter - Downloaded https://repo.maven.apache.org/maven2/org/apache/solr/solr-solrj/4.10.4/solr-solrj-4.10.4.jar
2017-07-03 11:16:14,896 [Worker-8] INFO  o.e.m.c.i.e.AbstractTransferListenerAdapter - Downloading https://repo.maven.apache.org/maven2/org/apache/httpcomponents/httpclient/4.5.1/httpclient-4.5.1.jar
2017-07-03 11:16:15,425 [Worker-8] INFO  o.e.m.c.i.e.AbstractTransferListenerAdapter - Downloaded https://repo.maven.apache.org/maven2/org/apache/httpcomponents/httpclient/4.5.1/httpclient-4.5.1.jar
2017-07-03 11:16:15,477 [Worker-8] INFO  o.e.m.c.i.e.AbstractTransferListenerAdapter - Downloading https://repo.maven.apache.org/maven2/org/apache/httpcomponents/httpcore/4.4.4/httpcore-4.4.4.jar
2017-07-03 11:16:15,638 [Worker-8] INFO  o.e.m.c.i.e.AbstractTransferListenerAdapter - Downloaded https://repo.maven.apache.org/maven2/org/apache/httpcomponents/httpcore/4.4.4/httpcore-4.4.4.jar
2017-07-03 11:16:15,679 [Worker-8] INFO  o.e.m.c.i.e.AbstractTransferListenerAdapter - Downloading https://repo.maven.apache.org/maven2/org/apache/httpcomponents/httpmime/4.5.1/httpmime-4.5.1.jar
2017-07-03 11:16:15,764 [Worker-8] INFO  o.e.m.c.i.e.AbstractTransferListenerAdapter - Downloaded https://repo.maven.apache.org/maven2/org/apache/httpcomponents/httpmime/4.5.1/httpmime-4.5.1.jar
2017-07-03 11:16:15,806 [Worker-8] INFO  o.e.m.c.i.e.AbstractTransferListenerAdapter - Downloading https://repo.maven.apache.org/maven2/org/noggit/noggit/0.5/noggit-0.5.jar
2017-07-03 11:16:15,855 [Worker-8] INFO  o.e.m.c.i.e.AbstractTransferListenerAdapter - Downloaded https://repo.maven.apache.org/maven2/org/noggit/noggit/0.5/noggit-0.5.jar
2017-07-03 11:16:15,893 [Worker-8] INFO  o.e.m.c.i.e.AbstractTransferListenerAdapter - Downloading https://repo.maven.apache.org/maven2/org/apache/lucene/lucene-highlighter/3.6.2/lucene-highlighter-3.6.2.jar
2017-07-03 11:16:15,962 [Worker-8] INFO  o.e.m.c.i.e.AbstractTransferListenerAdapter - Downloaded https://repo.maven.apache.org/maven2/org/apache/lucene/lucene-highlighter/3.6.2/lucene-highlighter-3.6.2.jar
2017-07-03 11:16:16,062 [Worker-8] INFO  o.e.m.c.i.e.AbstractTransferListenerAdapter - Downloading https://repo.maven.apache.org/maven2/org/apache/lucene/lucene-kuromoji/3.6.2/lucene-kuromoji-3.6.2.jar
2017-07-03 11:16:17,198 [Worker-8] INFO  o.e.m.c.i.e.AbstractTransferListenerAdapter - Downloaded https://repo.maven.apache.org/maven2/org/apache/lucene/lucene-kuromoji/3.6.2/lucene-kuromoji-3.6.2.jar
2017-07-03 11:16:17,235 [Worker-8] INFO  o.e.m.c.i.e.AbstractTransferListenerAdapter - Downloading https://repo.maven.apache.org/maven2/org/apache/lucene/lucene-memory/3.6.2/lucene-memory-3.6.2.jar
2017-07-03 11:16:17,307 [Worker-8] INFO  o.e.m.c.i.e.AbstractTransferListenerAdapter - Downloaded https://repo.maven.apache.org/maven2/org/apache/lucene/lucene-memory/3.6.2/lucene-memory-3.6.2.jar
2017-07-03 11:16:17,362 [Worker-8] INFO  o.e.m.c.i.e.AbstractTransferListenerAdapter - Downloading https://repo.maven.apache.org/maven2/org/apache/lucene/lucene-misc/3.6.2/lucene-misc-3.6.2.jar
2017-07-03 11:16:17,430 [Worker-8] INFO  o.e.m.c.i.e.AbstractTransferListenerAdapter - Downloaded https://repo.maven.apache.org/maven2/org/apache/lucene/lucene-misc/3.6.2/lucene-misc-3.6.2.jar
2017-07-03 11:16:17,466 [Worker-8] INFO  o.e.m.c.i.e.AbstractTransferListenerAdapter - Downloading https://repo.maven.apache.org/maven2/org/apache/lucene/lucene-phonetic/3.6.2/lucene-phonetic-3.6.2.jar
2017-07-03 11:16:17,524 [Worker-8] INFO  o.e.m.c.i.e.AbstractTransferListenerAdapter - Downloaded https://repo.maven.apache.org/maven2/org/apache/lucene/lucene-phonetic/3.6.2/lucene-phonetic-3.6.2.jar
2017-07-03 11:16:17,569 [Worker-8] INFO  o.e.m.c.i.e.AbstractTransferListenerAdapter - Downloading https://repo.maven.apache.org/maven2/org/apache/lucene/lucene-spatial/3.6.2/lucene-spatial-3.6.2.jar
2017-07-03 11:16:17,633 [Worker-8] INFO  o.e.m.c.i.e.AbstractTransferListenerAdapter - Downloaded https://repo.maven.apache.org/maven2/org/apache/lucene/lucene-spatial/3.6.2/lucene-spatial-3.6.2.jar
2017-07-03 11:16:17,677 [Worker-8] INFO  o.e.m.c.i.e.AbstractTransferListenerAdapter - Downloading https://repo.maven.apache.org/maven2/org/apache/lucene/lucene-spellchecker/3.6.2/lucene-spellchecker-3.6.2.jar
2017-07-03 11:16:17,753 [Worker-8] INFO  o.e.m.c.i.e.AbstractTransferListenerAdapter - Downloaded https://repo.maven.apache.org/maven2/org/apache/lucene/lucene-spellchecker/3.6.2/lucene-spellchecker-3.6.2.jar
2017-07-03 11:16:17,797 [Worker-8] INFO  o.e.m.c.i.e.AbstractTransferListenerAdapter - Downloading https://repo.maven.apache.org/maven2/org/apache/lucene/lucene-grouping/3.6.2/lucene-grouping-3.6.2.jar
2017-07-03 11:16:17,852 [Worker-8] INFO  o.e.m.c.i.e.AbstractTransferListenerAdapter - Downloaded https://repo.maven.apache.org/maven2/org/apache/lucene/lucene-grouping/3.6.2/lucene-grouping-3.6.2.jar
2017-07-03 11:16:17,902 [Worker-8] INFO  o.e.m.c.i.e.AbstractTransferListenerAdapter - Downloading https://repo.maven.apache.org/maven2/commons-io/commons-io/2.1/commons-io-2.1.jar
2017-07-03 11:16:17,995 [Worker-8] INFO  o.e.m.c.i.e.AbstractTransferListenerAdapter - Downloaded https://repo.maven.apache.org/maven2/commons-io/commons-io/2.1/commons-io-2.1.jar
2017-07-03 11:16:18,041 [Worker-8] INFO  o.e.m.c.i.e.AbstractTransferListenerAdapter - Downloading https://repo.maven.apache.org/maven2/commons-lang/commons-lang/2.6/commons-lang-2.6.jar
2017-07-03 11:16:18,154 [Worker-8] INFO  o.e.m.c.i.e.AbstractTransferListenerAdapter - Downloaded https://repo.maven.apache.org/maven2/commons-lang/commons-lang/2.6/commons-lang-2.6.jar
2017-07-03 11:16:18,231 [Worker-8] INFO  o.e.m.c.i.e.AbstractTransferListenerAdapter - Downloading https://repo.maven.apache.org/maven2/org/apache/lucene/lucene-smartcn/3.6.2/lucene-smartcn-3.6.2.jar
2017-07-03 11:16:19,223 [Worker-8] INFO  o.e.m.c.i.e.AbstractTransferListenerAdapter - Downloaded https://repo.maven.apache.org/maven2/org/apache/lucene/lucene-smartcn/3.6.2/lucene-smartcn-3.6.2.jar
2017-07-03 11:16:19,277 [Worker-8] INFO  o.e.m.c.i.e.AbstractTransferListenerAdapter - Downloading https://repo.maven.apache.org/maven2/org/apache/lucene/lucene-stempel/3.6.2/lucene-stempel-3.6.2.jar
2017-07-03 11:16:19,448 [Worker-8] INFO  o.e.m.c.i.e.AbstractTransferListenerAdapter - Downloaded https://repo.maven.apache.org/maven2/org/apache/lucene/lucene-stempel/3.6.2/lucene-stempel-3.6.2.jar
2017-07-03 11:16:19,724 [Worker-8] INFO  o.e.m.c.i.e.AbstractTransferListenerAdapter - Downloading https://repo.maven.apache.org/maven2/org/hibernate/hibernate-search-engine/4.5.2.Final/hibernate-search-engine-4.5.2.Final.jar
2017-07-03 11:16:20,229 [Worker-8] INFO  o.e.m.c.i.e.AbstractTransferListenerAdapter - Downloaded https://repo.maven.apache.org/maven2/org/hibernate/hibernate-search-engine/4.5.2.Final/hibernate-search-engine-4.5.2.Final.jar
2017-07-03 11:16:20,276 [Worker-8] INFO  o.e.m.c.i.e.AbstractTransferListenerAdapter - Downloading https://repo.maven.apache.org/maven2/org/apache/lucene/lucene-core/3.6.2/lucene-core-3.6.2.jar
2017-07-03 11:16:20,707 [Worker-8] INFO  o.e.m.c.i.e.AbstractTransferListenerAdapter - Downloaded https://repo.maven.apache.org/maven2/org/apache/lucene/lucene-core/3.6.2/lucene-core-3.6.2.jar
2017-07-03 11:16:20,776 [Worker-8] INFO  o.e.m.c.i.e.AbstractTransferListenerAdapter - Downloading https://repo.maven.apache.org/maven2/org/apache/avro/avro/1.7.6/avro-1.7.6.jar
2017-07-03 11:16:20,951 [Worker-8] INFO  o.e.m.c.i.e.AbstractTransferListenerAdapter - Downloaded https://repo.maven.apache.org/maven2/org/apache/avro/avro/1.7.6/avro-1.7.6.jar
2017-07-03 11:16:20,999 [Worker-8] INFO  o.e.m.c.i.e.AbstractTransferListenerAdapter - Downloading https://repo.maven.apache.org/maven2/org/codehaus/jackson/jackson-core-asl/1.9.13/jackson-core-asl-1.9.13.jar
2017-07-03 11:16:21,107 [Worker-8] INFO  o.e.m.c.i.e.AbstractTransferListenerAdapter - Downloaded https://repo.maven.apache.org/maven2/org/codehaus/jackson/jackson-core-asl/1.9.13/jackson-core-asl-1.9.13.jar
2017-07-03 11:16:21,150 [Worker-8] INFO  o.e.m.c.i.e.AbstractTransferListenerAdapter - Downloading https://repo.maven.apache.org/maven2/org/codehaus/jackson/jackson-mapper-asl/1.9.13/jackson-mapper-asl-1.9.13.jar
2017-07-03 11:16:21,459 [Worker-8] INFO  o.e.m.c.i.e.AbstractTransferListenerAdapter - Downloaded https://repo.maven.apache.org/maven2/org/codehaus/jackson/jackson-mapper-asl/1.9.13/jackson-mapper-asl-1.9.13.jar
2017-07-03 11:16:21,562 [Worker-8] INFO  o.e.m.c.i.e.AbstractTransferListenerAdapter - Downloading https://repo.maven.apache.org/maven2/org/apache/commons/commons-compress/1.4.1/commons-compress-1.4.1.jar
2017-07-03 11:16:21,722 [Worker-8] INFO  o.e.m.c.i.e.AbstractTransferListenerAdapter - Downloaded https://repo.maven.apache.org/maven2/org/apache/commons/commons-compress/1.4.1/commons-compress-1.4.1.jar
2017-07-03 11:16:21,781 [Worker-8] INFO  o.e.m.c.i.e.AbstractTransferListenerAdapter - Downloading https://repo.maven.apache.org/maven2/org/apache/lucene/lucene-facet/3.6.2/lucene-facet-3.6.2.jar
2017-07-03 11:16:21,982 [Worker-8] INFO  o.e.m.c.i.e.AbstractTransferListenerAdapter - Downloaded https://repo.maven.apache.org/maven2/org/apache/lucene/lucene-facet/3.6.2/lucene-facet-3.6.2.jar
2017-07-03 11:16:34,006 [Worker-8] INFO  o.e.m.c.i.embedder.EclipseLogger - Using 'UTF-8' encoding to copy filtered resources.
2017-07-03 11:16:34,019 [Worker-8] INFO  o.e.m.c.i.embedder.EclipseLogger - Copying 2 resources
2017-07-03 11:16:34,090 [Worker-8] INFO  o.e.m.c.i.embedder.EclipseLogger - Copying 3 resources
2017-07-03 11:16:34,120 [Worker-8] INFO  o.e.m.c.i.embedder.EclipseLogger - Using 'UTF-8' encoding to copy filtered resources.
2017-07-03 11:16:34,120 [Worker-8] INFO  o.e.m.c.i.embedder.EclipseLogger - skip non existing resourceDirectory C:\Users\May\Desktop\ExempleCodeJavaWeb\rocknshop\src\test\resources
2017-07-03 11:16:38,321 [Worker-8] INFO  o.e.m.c.i.l.LifecycleMappingFactory - Using org.maven.ide.eclipse.wtp.WarLifecycleMapping lifecycle mapping for MavenProject: com.spring.henallux:rocknshop:0.0.1-SNAPSHOT @ C:\Users\May\Desktop\ExempleCodeJavaWeb\rocknshop\pom.xml.
2017-07-03 11:16:40,954 [Worker-16] INFO  o.e.m.w.i.f.ResourceFilteringBuildParticipant - Cleaning filtered folder for rocknshop
2017-07-03 11:18:36,126 [Worker-5] INFO  o.e.m.c.i.p.ProjectConfigurationManager - Update started
2017-07-03 11:18:38,384 [Worker-5] INFO  o.e.m.c.i.l.LifecycleMappingFactory - Using org.maven.ide.eclipse.wtp.WarLifecycleMapping lifecycle mapping for MavenProject: com.spring.henallux:rocknshop:0.0.1-SNAPSHOT @ C:\Users\May\Desktop\ExempleCodeJavaWeb\rocknshop\pom.xml.
2017-07-03 11:18:40,854 [Worker-5] INFO  o.e.m.j.i.AbstractJavaProjectConfigurator - Adding source folder /rocknshop/src/main/java
2017-07-03 11:18:40,855 [Worker-5] INFO  o.e.m.j.i.AbstractJavaProjectConfigurator - Adding resource folder /rocknshop/src/main/resources
2017-07-03 11:18:40,855 [Worker-5] INFO  o.e.m.j.i.AbstractJavaProjectConfigurator - Adding resource folder /rocknshop/src/main/resources
2017-07-03 11:18:40,856 [Worker-5] INFO  o.e.m.j.i.AbstractJavaProjectConfigurator - Adding source folder /rocknshop/src/test/java
2017-07-03 11:18:42,891 [Worker-5] INFO  o.e.m.w.i.f.ResourceFilteringBuildParticipant - Cleaning filtered folder for rocknshop
2017-07-03 11:18:42,897 [Worker-5] INFO  o.e.m.c.i.p.ProjectConfigurationManager - Update completed: 6 sec
2017-07-03 11:19:33,361 [Worker-23] INFO  o.e.m.c.i.embedder.EclipseLogger - Using 'UTF-8' encoding to copy filtered resources.
2017-07-03 11:19:33,362 [Worker-23] INFO  o.e.m.c.i.embedder.EclipseLogger - Copying 2 resources
2017-07-03 11:19:33,381 [Worker-23] INFO  o.e.m.c.i.embedder.EclipseLogger - Copying 3 resources
2017-07-03 11:19:33,396 [Worker-23] INFO  o.e.m.c.i.embedder.EclipseLogger - Using 'UTF-8' encoding to copy filtered resources.
2017-07-03 11:19:33,396 [Worker-23] INFO  o.e.m.c.i.embedder.EclipseLogger - skip non existing resourceDirectory C:\Users\May\Desktop\ExempleCodeJavaWeb\rocknshop\src\test\resources
2017-07-03 11:19:33,397 [Worker-23] INFO  o.e.m.w.i.f.ResourceFilteringBuildParticipant - Changed resources require a complete clean of filtered resources of rocknshop
2017-07-03 11:19:33,398 [Worker-23] INFO  o.e.m.w.i.f.ResourceFilteringBuildParticipant - Executing resource filtering for rocknshop
2017-07-03 11:19:33,414 [Worker-23] INFO  o.e.m.c.i.embedder.EclipseLogger - Using 'UTF-8' encoding to copy filtered resources.
2017-07-03 11:21:47,951 [Worker-24] INFO  o.e.m.c.i.embedder.EclipseLogger - Using 'UTF-8' encoding to copy filtered resources.
2017-07-03 11:21:47,955 [Worker-24] INFO  o.e.m.c.i.embedder.EclipseLogger - Copying 1 resource
2017-07-03 11:21:47,957 [Worker-24] INFO  o.e.m.c.i.embedder.EclipseLogger - Copying 0 resource
2017-07-03 11:21:47,959 [Worker-24] INFO  o.e.m.c.i.embedder.EclipseLogger - Using 'UTF-8' encoding to copy filtered resources.
2017-07-03 11:21:47,959 [Worker-24] INFO  o.e.m.c.i.embedder.EclipseLogger - skip non existing resourceDirectory C:\Users\May\Desktop\ExempleCodeJavaWeb\rocknshop\src\test\resources
2017-07-03 11:23:31,016 [Worker-27] INFO  o.e.m.c.i.embedder.EclipseLogger - Using 'UTF-8' encoding to copy filtered resources.
2017-07-03 11:23:31,019 [Worker-27] INFO  o.e.m.c.i.embedder.EclipseLogger - Copying 1 resource
2017-07-03 11:23:31,026 [Worker-27] INFO  o.e.m.c.i.embedder.EclipseLogger - Copying 0 resource
2017-07-03 11:23:31,034 [Worker-27] INFO  o.e.m.c.i.embedder.EclipseLogger - Using 'UTF-8' encoding to copy filtered resources.
2017-07-03 11:23:31,034 [Worker-27] INFO  o.e.m.c.i.embedder.EclipseLogger - skip non existing resourceDirectory C:\Users\May\Desktop\ExempleCodeJavaWeb\rocknshop\src\test\resources
2017-07-03 11:27:18,873 [Worker-29] INFO  o.e.m.c.i.embedder.EclipseLogger - Using 'UTF-8' encoding to copy filtered resources.
2017-07-03 11:27:18,875 [Worker-29] INFO  o.e.m.c.i.embedder.EclipseLogger - Copying 1 resource
2017-07-03 11:27:18,881 [Worker-29] INFO  o.e.m.c.i.embedder.EclipseLogger - Copying 0 resource
2017-07-03 11:27:18,888 [Worker-29] INFO  o.e.m.c.i.embedder.EclipseLogger - Using 'UTF-8' encoding to copy filtered resources.
2017-07-03 11:27:18,888 [Worker-29] INFO  o.e.m.c.i.embedder.EclipseLogger - skip non existing resourceDirectory C:\Users\May\Desktop\ExempleCodeJavaWeb\rocknshop\src\test\resources
2017-07-03 11:40:52,310 [Worker-36] INFO  o.e.m.c.i.embedder.EclipseLogger - Using 'UTF-8' encoding to copy filtered resources.
2017-07-03 11:40:52,321 [Worker-36] INFO  o.e.m.c.i.embedder.EclipseLogger - Copying 2 resources
2017-07-03 11:40:52,331 [Worker-36] INFO  o.e.m.c.i.embedder.EclipseLogger - Copying 3 resources
2017-07-03 11:40:52,338 [Worker-36] INFO  o.e.m.c.i.embedder.EclipseLogger - Using 'UTF-8' encoding to copy filtered resources.
2017-07-03 11:40:52,339 [Worker-36] INFO  o.e.m.c.i.embedder.EclipseLogger - skip non existing resourceDirectory C:\Users\May\Desktop\ExempleCodeJavaWeb\rocknshop\src\test\resources
2017-07-03 11:43:44,196 [Worker-34] INFO  o.e.m.c.i.embedder.EclipseLogger - Using 'UTF-8' encoding to copy filtered resources.
2017-07-03 11:43:44,203 [Worker-34] INFO  o.e.m.c.i.embedder.EclipseLogger - Copying 2 resources
2017-07-03 11:43:44,216 [Worker-34] INFO  o.e.m.c.i.embedder.EclipseLogger - Copying 3 resources
2017-07-03 11:43:44,226 [Worker-34] INFO  o.e.m.c.i.embedder.EclipseLogger - Using 'UTF-8' encoding to copy filtered resources.
2017-07-03 11:43:44,228 [Worker-34] INFO  o.e.m.c.i.embedder.EclipseLogger - skip non existing resourceDirectory C:\Users\May\Desktop\ExempleCodeJavaWeb\rocknshop\src\test\resources
2017-07-03 11:45:29,110 [Worker-34] INFO  o.e.m.c.i.embedder.EclipseLogger - Using 'UTF-8' encoding to copy filtered resources.
2017-07-03 11:45:29,118 [Worker-34] INFO  o.e.m.c.i.embedder.EclipseLogger - Copying 2 resources
2017-07-03 11:45:29,130 [Worker-34] INFO  o.e.m.c.i.embedder.EclipseLogger - Copying 3 resources
2017-07-03 11:45:29,141 [Worker-34] INFO  o.e.m.c.i.embedder.EclipseLogger - Using 'UTF-8' encoding to copy filtered resources.
2017-07-03 11:45:29,142 [Worker-34] INFO  o.e.m.c.i.embedder.EclipseLogger - skip non existing resourceDirectory C:\Users\May\Desktop\ExempleCodeJavaWeb\rocknshop\src\test\resources
2017-07-03 11:55:24,506 [Worker-49] INFO  o.e.m.c.i.embedder.EclipseLogger - Using 'UTF-8' encoding to copy filtered resources.
2017-07-03 11:55:24,513 [Worker-49] INFO  o.e.m.c.i.embedder.EclipseLogger - Copying 2 resources
2017-07-03 11:55:24,531 [Worker-49] INFO  o.e.m.c.i.embedder.EclipseLogger - Copying 3 resources
2017-07-03 11:55:24,539 [Worker-49] INFO  o.e.m.c.i.embedder.EclipseLogger - Using 'UTF-8' encoding to copy filtered resources.
2017-07-03 11:55:24,541 [Worker-49] INFO  o.e.m.c.i.embedder.EclipseLogger - skip non existing resourceDirectory C:\Users\May\Desktop\ExempleCodeJavaWeb\rocknshop\src\test\resources
2017-07-03 11:56:18,026 [Worker-47] INFO  o.e.m.c.i.embedder.EclipseLogger - Using 'UTF-8' encoding to copy filtered resources.
2017-07-03 11:56:18,034 [Worker-47] INFO  o.e.m.c.i.embedder.EclipseLogger - Copying 2 resources
2017-07-03 11:56:18,050 [Worker-47] INFO  o.e.m.c.i.embedder.EclipseLogger - Copying 3 resources
2017-07-03 11:56:18,060 [Worker-47] INFO  o.e.m.c.i.embedder.EclipseLogger - Using 'UTF-8' encoding to copy filtered resources.
2017-07-03 11:56:18,061 [Worker-47] INFO  o.e.m.c.i.embedder.EclipseLogger - skip non existing resourceDirectory C:\Users\May\Desktop\ExempleCodeJavaWeb\rocknshop\src\test\resources
2017-07-03 11:57:57,223 [Worker-43] INFO  o.e.m.c.i.embedder.EclipseLogger - Using 'UTF-8' encoding to copy filtered resources.
2017-07-03 11:57:57,230 [Worker-43] INFO  o.e.m.c.i.embedder.EclipseLogger - Copying 2 resources
2017-07-03 11:57:57,258 [Worker-43] INFO  o.e.m.c.i.embedder.EclipseLogger - Copying 3 resources
2017-07-03 11:57:57,268 [Worker-43] INFO  o.e.m.c.i.embedder.EclipseLogger - Using 'UTF-8' encoding to copy filtered resources.
2017-07-03 11:57:57,269 [Worker-43] INFO  o.e.m.c.i.embedder.EclipseLogger - skip non existing resourceDirectory C:\Users\May\Desktop\ExempleCodeJavaWeb\rocknshop\src\test\resources
2017-07-03 12:03:06,739 [Worker-50] INFO  o.e.m.c.i.embedder.EclipseLogger - Using 'UTF-8' encoding to copy filtered resources.
2017-07-03 12:03:06,745 [Worker-50] INFO  o.e.m.c.i.embedder.EclipseLogger - Copying 2 resources
2017-07-03 12:03:06,758 [Worker-50] INFO  o.e.m.c.i.embedder.EclipseLogger - Copying 3 resources
2017-07-03 12:03:06,768 [Worker-50] INFO  o.e.m.c.i.embedder.EclipseLogger - Using 'UTF-8' encoding to copy filtered resources.
2017-07-03 12:03:06,769 [Worker-50] INFO  o.e.m.c.i.embedder.EclipseLogger - skip non existing resourceDirectory C:\Users\May\Desktop\ExempleCodeJavaWeb\rocknshop\src\test\resources
2017-07-03 12:14:07,320 [Worker-51] INFO  o.e.m.c.i.embedder.EclipseLogger - Using 'UTF-8' encoding to copy filtered resources.
2017-07-03 12:14:07,326 [Worker-51] INFO  o.e.m.c.i.embedder.EclipseLogger - Copying 2 resources
2017-07-03 12:14:07,338 [Worker-51] INFO  o.e.m.c.i.embedder.EclipseLogger - Copying 3 resources
2017-07-03 12:14:07,346 [Worker-51] INFO  o.e.m.c.i.embedder.EclipseLogger - Using 'UTF-8' encoding to copy filtered resources.
2017-07-03 12:14:07,347 [Worker-51] INFO  o.e.m.c.i.embedder.EclipseLogger - skip non existing resourceDirectory C:\Users\May\Desktop\ExempleCodeJavaWeb\rocknshop\src\test\resources
2017-07-03 12:15:17,806 [Worker-60] INFO  o.e.m.c.i.embedder.EclipseLogger - Using 'UTF-8' encoding to copy filtered resources.
2017-07-03 12:15:17,813 [Worker-60] INFO  o.e.m.c.i.embedder.EclipseLogger - Copying 2 resources
2017-07-03 12:15:17,826 [Worker-60] INFO  o.e.m.c.i.embedder.EclipseLogger - Copying 3 resources
2017-07-03 12:15:17,835 [Worker-60] INFO  o.e.m.c.i.embedder.EclipseLogger - Using 'UTF-8' encoding to copy filtered resources.
2017-07-03 12:15:17,835 [Worker-60] INFO  o.e.m.c.i.embedder.EclipseLogger - skip non existing resourceDirectory C:\Users\May\Desktop\ExempleCodeJavaWeb\rocknshop\src\test\resources
2017-07-03 12:20:19,568 [Worker-60] INFO  o.e.m.c.i.embedder.EclipseLogger - Using 'UTF-8' encoding to copy filtered resources.
2017-07-03 12:20:19,575 [Worker-60] INFO  o.e.m.c.i.embedder.EclipseLogger - Copying 2 resources
2017-07-03 12:20:19,589 [Worker-60] INFO  o.e.m.c.i.embedder.EclipseLogger - Copying 3 resources
2017-07-03 12:20:19,597 [Worker-60] INFO  o.e.m.c.i.embedder.EclipseLogger - Using 'UTF-8' encoding to copy filtered resources.
2017-07-03 12:20:19,598 [Worker-60] INFO  o.e.m.c.i.embedder.EclipseLogger - skip non existing resourceDirectory C:\Users\May\Desktop\ExempleCodeJavaWeb\rocknshop\src\test\resources
2017-07-06 21:25:57,460 [Worker-7] INFO  o.e.m.c.i.embedder.EclipseLogger - Using 'UTF-8' encoding to copy filtered resources.
2017-07-06 21:25:57,485 [Worker-7] INFO  o.e.m.c.i.embedder.EclipseLogger - Copying 2 resources
2017-07-06 21:25:57,525 [Worker-7] INFO  o.e.m.c.i.embedder.EclipseLogger - Copying 3 resources
2017-07-06 21:25:57,538 [Worker-7] INFO  o.e.m.c.i.embedder.EclipseLogger - Using 'UTF-8' encoding to copy filtered resources.
2017-07-06 21:25:57,538 [Worker-7] INFO  o.e.m.c.i.embedder.EclipseLogger - skip non existing resourceDirectory C:\Users\May\Desktop\ExempleCodeJavaWeb\rocknshop\src\test\resources
2017-07-06 21:35:59,749 [Worker-7] INFO  o.e.m.c.i.embedder.EclipseLogger - Using 'UTF-8' encoding to copy filtered resources.
2017-07-06 21:35:59,843 [Worker-7] INFO  o.e.m.c.i.embedder.EclipseLogger - Copying 2 resources
2017-07-06 21:35:59,857 [Worker-7] INFO  o.e.m.c.i.embedder.EclipseLogger - Copying 3 resources
2017-07-06 21:35:59,867 [Worker-7] INFO  o.e.m.c.i.embedder.EclipseLogger - Using 'UTF-8' encoding to copy filtered resources.
2017-07-06 21:35:59,868 [Worker-7] INFO  o.e.m.c.i.embedder.EclipseLogger - skip non existing resourceDirectory C:\Users\May\Desktop\ExempleCodeJavaWeb\rocknshop\src\test\resources
2017-07-06 22:00:42,508 [Worker-17] INFO  o.e.m.c.i.embedder.EclipseLogger - Using 'UTF-8' encoding to copy filtered resources.
2017-07-06 22:00:42,522 [Worker-17] INFO  o.e.m.c.i.embedder.EclipseLogger - Copying 2 resources
2017-07-06 22:00:42,578 [Worker-17] INFO  o.e.m.c.i.embedder.EclipseLogger - Copying 3 resources
2017-07-06 22:00:42,590 [Worker-17] INFO  o.e.m.c.i.embedder.EclipseLogger - Using 'UTF-8' encoding to copy filtered resources.
2017-07-06 22:00:42,591 [Worker-17] INFO  o.e.m.c.i.embedder.EclipseLogger - skip non existing resourceDirectory C:\Users\May\Desktop\ExempleCodeJavaWeb\rocknshop\src\test\resources
2017-07-06 22:01:47,628 [Worker-19] INFO  o.e.m.c.i.embedder.EclipseLogger - Using 'UTF-8' encoding to copy filtered resources.
2017-07-06 22:01:47,630 [Worker-19] INFO  o.e.m.c.i.embedder.EclipseLogger - Copying 2 resources
2017-07-06 22:01:47,664 [Worker-19] INFO  o.e.m.c.i.embedder.EclipseLogger - Copying 3 resources
2017-07-06 22:01:47,667 [Worker-19] INFO  o.e.m.c.i.embedder.EclipseLogger - Using 'UTF-8' encoding to copy filtered resources.
2017-07-06 22:01:47,667 [Worker-19] INFO  o.e.m.c.i.embedder.EclipseLogger - skip non existing resourceDirectory C:\Users\May\Desktop\ExempleCodeJavaWeb\rocknshop\src\test\resources
2017-07-06 22:08:04,588 [Worker-21] INFO  o.e.m.c.i.embedder.EclipseLogger - Using 'UTF-8' encoding to copy filtered resources.
2017-07-06 22:08:04,595 [Worker-21] INFO  o.e.m.c.i.embedder.EclipseLogger - Copying 2 resources
2017-07-06 22:08:04,613 [Worker-21] INFO  o.e.m.c.i.embedder.EclipseLogger - Copying 3 resources
2017-07-06 22:08:04,625 [Worker-21] INFO  o.e.m.c.i.embedder.EclipseLogger - Using 'UTF-8' encoding to copy filtered resources.
2017-07-06 22:08:04,627 [Worker-21] INFO  o.e.m.c.i.embedder.EclipseLogger - skip non existing resourceDirectory C:\Users\May\Desktop\ExempleCodeJavaWeb\rocknshop\src\test\resources
2017-07-06 22:10:54,877 [Worker-5] INFO  o.e.m.c.i.embedder.EclipseLogger - Using 'UTF-8' encoding to copy filtered resources.
2017-07-06 22:10:54,885 [Worker-5] INFO  o.e.m.c.i.embedder.EclipseLogger - Copying 2 resources
2017-07-06 22:10:54,898 [Worker-5] INFO  o.e.m.c.i.embedder.EclipseLogger - Copying 3 resources
2017-07-06 22:10:54,908 [Worker-5] INFO  o.e.m.c.i.embedder.EclipseLogger - Using 'UTF-8' encoding to copy filtered resources.
2017-07-06 22:10:54,908 [Worker-5] INFO  o.e.m.c.i.embedder.EclipseLogger - skip non existing resourceDirectory C:\Users\May\Desktop\ExempleCodeJavaWeb\rocknshop\src\test\resources
2017-07-06 22:12:41,011 [Worker-22] INFO  o.e.m.c.i.embedder.EclipseLogger - Using 'UTF-8' encoding to copy filtered resources.
2017-07-06 22:12:41,022 [Worker-22] INFO  o.e.m.c.i.embedder.EclipseLogger - Copying 2 resources
2017-07-06 22:12:41,080 [Worker-22] INFO  o.e.m.c.i.embedder.EclipseLogger - Copying 3 resources
2017-07-06 22:12:41,097 [Worker-22] INFO  o.e.m.c.i.embedder.EclipseLogger - Using 'UTF-8' encoding to copy filtered resources.
2017-07-06 22:12:41,098 [Worker-22] INFO  o.e.m.c.i.embedder.EclipseLogger - skip non existing resourceDirectory C:\Users\May\Desktop\ExempleCodeJavaWeb\rocknshop\src\test\resources
2017-07-06 22:14:50,835 [Worker-5] INFO  o.e.m.c.i.embedder.EclipseLogger - Using 'UTF-8' encoding to copy filtered resources.
2017-07-06 22:14:50,843 [Worker-5] INFO  o.e.m.c.i.embedder.EclipseLogger - Copying 2 resources
2017-07-06 22:14:50,855 [Worker-5] INFO  o.e.m.c.i.embedder.EclipseLogger - Copying 3 resources
2017-07-06 22:14:50,867 [Worker-5] INFO  o.e.m.c.i.embedder.EclipseLogger - Using 'UTF-8' encoding to copy filtered resources.
2017-07-06 22:14:50,868 [Worker-5] INFO  o.e.m.c.i.embedder.EclipseLogger - skip non existing resourceDirectory C:\Users\May\Desktop\ExempleCodeJavaWeb\rocknshop\src\test\resources
2017-07-06 22:15:03,855 [Worker-26] INFO  o.e.m.c.i.embedder.EclipseLogger - Using 'UTF-8' encoding to copy filtered resources.
2017-07-06 22:15:03,862 [Worker-26] INFO  o.e.m.c.i.embedder.EclipseLogger - Copying 2 resources
2017-07-06 22:15:03,875 [Worker-26] INFO  o.e.m.c.i.embedder.EclipseLogger - Copying 3 resources
2017-07-06 22:15:03,887 [Worker-26] INFO  o.e.m.c.i.embedder.EclipseLogger - Using 'UTF-8' encoding to copy filtered resources.
2017-07-06 22:15:03,888 [Worker-26] INFO  o.e.m.c.i.embedder.EclipseLogger - skip non existing resourceDirectory C:\Users\May\Desktop\ExempleCodeJavaWeb\rocknshop\src\test\resources
2017-07-06 22:23:33,759 [Worker-29] INFO  o.e.m.c.i.embedder.EclipseLogger - Using 'UTF-8' encoding to copy filtered resources.
2017-07-06 22:23:33,760 [Worker-29] INFO  o.e.m.c.i.embedder.EclipseLogger - Copying 0 resource
2017-07-06 22:23:33,761 [Worker-29] INFO  o.e.m.c.i.embedder.EclipseLogger - Copying 0 resource
2017-07-06 22:23:33,773 [Worker-29] INFO  o.e.m.c.i.embedder.EclipseLogger - Using 'UTF-8' encoding to copy filtered resources.
2017-07-06 22:23:33,774 [Worker-29] INFO  o.e.m.c.i.embedder.EclipseLogger - skip non existing resourceDirectory C:\Users\May\Desktop\ExempleCodeJavaWeb\rocknshop\src\test\resources
2017-07-06 23:00:11,132 [Worker-28] INFO  o.e.m.c.i.embedder.EclipseLogger - Using 'UTF-8' encoding to copy filtered resources.
2017-07-06 23:00:11,151 [Worker-28] INFO  o.e.m.c.i.embedder.EclipseLogger - Copying 2 resources
2017-07-06 23:00:11,229 [Worker-28] INFO  o.e.m.c.i.embedder.EclipseLogger - Copying 3 resources
2017-07-06 23:00:11,243 [Worker-28] INFO  o.e.m.c.i.embedder.EclipseLogger - Using 'UTF-8' encoding to copy filtered resources.
2017-07-06 23:00:11,244 [Worker-28] INFO  o.e.m.c.i.embedder.EclipseLogger - skip non existing resourceDirectory C:\Users\May\Desktop\ExempleCodeJavaWeb\rocknshop\src\test\resources
2017-07-06 23:07:04,813 [Worker-46] INFO  o.e.m.c.i.embedder.EclipseLogger - Using 'UTF-8' encoding to copy filtered resources.
2017-07-06 23:07:04,820 [Worker-46] INFO  o.e.m.c.i.embedder.EclipseLogger - Copying 2 resources
2017-07-06 23:07:04,830 [Worker-46] INFO  o.e.m.c.i.embedder.EclipseLogger - Copying 3 resources
2017-07-06 23:07:04,839 [Worker-46] INFO  o.e.m.c.i.embedder.EclipseLogger - Using 'UTF-8' encoding to copy filtered resources.
2017-07-06 23:07:04,839 [Worker-46] INFO  o.e.m.c.i.embedder.EclipseLogger - skip non existing resourceDirectory C:\Users\May\Desktop\ExempleCodeJavaWeb\rocknshop\src\test\resources
2017-07-06 23:10:37,438 [Worker-45] INFO  o.e.m.c.i.embedder.EclipseLogger - Using 'UTF-8' encoding to copy filtered resources.
2017-07-06 23:10:37,443 [Worker-45] INFO  o.e.m.c.i.embedder.EclipseLogger - Copying 2 resources
2017-07-06 23:10:37,454 [Worker-45] INFO  o.e.m.c.i.embedder.EclipseLogger - Copying 3 resources
2017-07-06 23:10:37,465 [Worker-45] INFO  o.e.m.c.i.embedder.EclipseLogger - Using 'UTF-8' encoding to copy filtered resources.
2017-07-06 23:10:37,466 [Worker-45] INFO  o.e.m.c.i.embedder.EclipseLogger - skip non existing resourceDirectory C:\Users\May\Desktop\ExempleCodeJavaWeb\rocknshop\src\test\resources
2017-07-06 23:13:00,223 [Worker-49] INFO  o.e.m.c.i.embedder.EclipseLogger - Using 'UTF-8' encoding to copy filtered resources.
2017-07-06 23:13:00,231 [Worker-49] INFO  o.e.m.c.i.embedder.EclipseLogger - Copying 2 resources
2017-07-06 23:13:00,249 [Worker-49] INFO  o.e.m.c.i.embedder.EclipseLogger - Copying 3 resources
2017-07-06 23:13:00,263 [Worker-49] INFO  o.e.m.c.i.embedder.EclipseLogger - Using 'UTF-8' encoding to copy filtered resources.
2017-07-06 23:13:00,264 [Worker-49] INFO  o.e.m.c.i.embedder.EclipseLogger - skip non existing resourceDirectory C:\Users\May\Desktop\ExempleCodeJavaWeb\rocknshop\src\test\resources
2017-07-06 23:16:37,703 [Worker-48] INFO  o.e.m.c.i.embedder.EclipseLogger - Using 'UTF-8' encoding to copy filtered resources.
2017-07-06 23:16:37,708 [Worker-48] INFO  o.e.m.c.i.embedder.EclipseLogger - Copying 2 resources
2017-07-06 23:16:37,719 [Worker-48] INFO  o.e.m.c.i.embedder.EclipseLogger - Copying 3 resources
2017-07-06 23:16:37,728 [Worker-48] INFO  o.e.m.c.i.embedder.EclipseLogger - Using 'UTF-8' encoding to copy filtered resources.
2017-07-06 23:16:37,729 [Worker-48] INFO  o.e.m.c.i.embedder.EclipseLogger - skip non existing resourceDirectory C:\Users\May\Desktop\ExempleCodeJavaWeb\rocknshop\src\test\resources
2017-07-06 23:18:19,013 [Worker-51] INFO  o.e.m.c.i.embedder.EclipseLogger - Using 'UTF-8' encoding to copy filtered resources.
2017-07-06 23:18:19,034 [Worker-51] INFO  o.e.m.c.i.embedder.EclipseLogger - Copying 2 resources
2017-07-06 23:18:19,050 [Worker-51] INFO  o.e.m.c.i.embedder.EclipseLogger - Copying 3 resources
2017-07-06 23:18:19,060 [Worker-51] INFO  o.e.m.c.i.embedder.EclipseLogger - Using 'UTF-8' encoding to copy filtered resources.
2017-07-06 23:18:19,061 [Worker-51] INFO  o.e.m.c.i.embedder.EclipseLogger - skip non existing resourceDirectory C:\Users\May\Desktop\ExempleCodeJavaWeb\rocknshop\src\test\resources
2017-07-06 23:23:09,436 [Worker-54] INFO  o.e.m.c.i.embedder.EclipseLogger - Using 'UTF-8' encoding to copy filtered resources.
2017-07-06 23:23:09,443 [Worker-54] INFO  o.e.m.c.i.embedder.EclipseLogger - Copying 2 resources
2017-07-06 23:23:09,455 [Worker-54] INFO  o.e.m.c.i.embedder.EclipseLogger - Copying 3 resources
2017-07-06 23:23:09,464 [Worker-54] INFO  o.e.m.c.i.embedder.EclipseLogger - Using 'UTF-8' encoding to copy filtered resources.
2017-07-06 23:23:09,465 [Worker-54] INFO  o.e.m.c.i.embedder.EclipseLogger - skip non existing resourceDirectory C:\Users\May\Desktop\ExempleCodeJavaWeb\rocknshop\src\test\resources
2017-07-06 23:34:21,395 [Worker-57] INFO  o.e.m.c.i.embedder.EclipseLogger - Using 'UTF-8' encoding to copy filtered resources.
2017-07-06 23:34:21,401 [Worker-57] INFO  o.e.m.c.i.embedder.EclipseLogger - Copying 0 resource
2017-07-06 23:34:21,402 [Worker-57] INFO  o.e.m.c.i.embedder.EclipseLogger - Copying 0 resource
2017-07-06 23:34:21,450 [Worker-57] INFO  o.e.m.c.i.embedder.EclipseLogger - Using 'UTF-8' encoding to copy filtered resources.
2017-07-06 23:34:21,450 [Worker-57] INFO  o.e.m.c.i.embedder.EclipseLogger - skip non existing resourceDirectory C:\Users\May\Desktop\ExempleCodeJavaWeb\rocknshop\src\test\resources
2017-07-06 23:36:07,425 [Worker-59] INFO  o.e.m.c.i.embedder.EclipseLogger - Using 'UTF-8' encoding to copy filtered resources.
2017-07-06 23:36:07,428 [Worker-59] INFO  o.e.m.c.i.embedder.EclipseLogger - Copying 0 resource
2017-07-06 23:36:07,430 [Worker-59] INFO  o.e.m.c.i.embedder.EclipseLogger - Copying 0 resource
2017-07-06 23:36:07,460 [Worker-59] INFO  o.e.m.c.i.embedder.EclipseLogger - Using 'UTF-8' encoding to copy filtered resources.
2017-07-06 23:36:07,461 [Worker-59] INFO  o.e.m.c.i.embedder.EclipseLogger - skip non existing resourceDirectory C:\Users\May\Desktop\ExempleCodeJavaWeb\rocknshop\src\test\resources
2017-07-06 23:37:43,072 [Worker-60] INFO  o.e.m.c.i.embedder.EclipseLogger - Using 'UTF-8' encoding to copy filtered resources.
2017-07-06 23:37:43,079 [Worker-60] INFO  o.e.m.c.i.embedder.EclipseLogger - Copying 2 resources
2017-07-06 23:37:43,093 [Worker-60] INFO  o.e.m.c.i.embedder.EclipseLogger - Copying 3 resources
2017-07-06 23:37:43,102 [Worker-60] INFO  o.e.m.c.i.embedder.EclipseLogger - Using 'UTF-8' encoding to copy filtered resources.
2017-07-06 23:37:43,103 [Worker-60] INFO  o.e.m.c.i.embedder.EclipseLogger - skip non existing resourceDirectory C:\Users\May\Desktop\ExempleCodeJavaWeb\rocknshop\src\test\resources
2017-07-08 14:15:30,425 [Worker-4] INFO  o.e.m.c.i.embedder.EclipseLogger - Using 'UTF-8' encoding to copy filtered resources.
2017-07-08 14:15:30,451 [Worker-4] INFO  o.e.m.c.i.embedder.EclipseLogger - Copying 2 resources
2017-07-08 14:15:30,509 [Worker-4] INFO  o.e.m.c.i.embedder.EclipseLogger - Copying 3 resources
2017-07-08 14:15:30,521 [Worker-4] INFO  o.e.m.c.i.embedder.EclipseLogger - Using 'UTF-8' encoding to copy filtered resources.
2017-07-08 14:15:30,521 [Worker-4] INFO  o.e.m.c.i.embedder.EclipseLogger - skip non existing resourceDirectory C:\Users\May\Desktop\ExempleCodeJavaWeb\rocknshop\src\test\resources
2017-07-08 15:17:03,980 [Worker-29] INFO  o.e.m.c.i.embedder.EclipseLogger - Using 'UTF-8' encoding to copy filtered resources.
2017-07-08 15:17:03,996 [Worker-29] INFO  o.e.m.c.i.embedder.EclipseLogger - Copying 2 resources
2017-07-08 15:17:04,031 [Worker-29] INFO  o.e.m.c.i.embedder.EclipseLogger - Copying 3 resources
2017-07-08 15:17:04,064 [Worker-29] INFO  o.e.m.c.i.embedder.EclipseLogger - Using 'UTF-8' encoding to copy filtered resources.
2017-07-08 15:17:04,064 [Worker-29] INFO  o.e.m.c.i.embedder.EclipseLogger - skip non existing resourceDirectory C:\Users\May\Desktop\ExempleCodeJavaWeb\rocknshop\src\test\resources
2017-07-08 15:19:42,631 [Worker-39] INFO  o.e.m.c.i.embedder.EclipseLogger - Using 'UTF-8' encoding to copy filtered resources.
2017-07-08 15:19:42,638 [Worker-39] INFO  o.e.m.c.i.embedder.EclipseLogger - Copying 2 resources
2017-07-08 15:19:42,656 [Worker-39] INFO  o.e.m.c.i.embedder.EclipseLogger - Copying 3 resources
2017-07-08 15:19:42,665 [Worker-39] INFO  o.e.m.c.i.embedder.EclipseLogger - Using 'UTF-8' encoding to copy filtered resources.
2017-07-08 15:19:42,666 [Worker-39] INFO  o.e.m.c.i.embedder.EclipseLogger - skip non existing resourceDirectory C:\Users\May\Desktop\ExempleCodeJavaWeb\rocknshop\src\test\resources
2017-07-08 15:43:04,436 [Worker-44] INFO  o.e.m.c.i.embedder.EclipseLogger - Using 'UTF-8' encoding to copy filtered resources.
2017-07-08 15:43:04,444 [Worker-44] INFO  o.e.m.c.i.embedder.EclipseLogger - Copying 2 resources
2017-07-08 15:43:04,502 [Worker-44] INFO  o.e.m.c.i.embedder.EclipseLogger - Copying 3 resources
2017-07-08 15:43:04,533 [Worker-44] INFO  o.e.m.c.i.embedder.EclipseLogger - Using 'UTF-8' encoding to copy filtered resources.
2017-07-08 15:43:04,533 [Worker-44] INFO  o.e.m.c.i.embedder.EclipseLogger - skip non existing resourceDirectory C:\Users\May\Desktop\ExempleCodeJavaWeb\rocknshop\src\test\resources
2017-07-08 15:44:25,346 [Worker-9] INFO  o.e.m.c.i.embedder.EclipseLogger - Using 'UTF-8' encoding to copy filtered resources.
2017-07-08 15:44:25,353 [Worker-9] INFO  o.e.m.c.i.embedder.EclipseLogger - Copying 2 resources
2017-07-08 15:44:25,365 [Worker-9] INFO  o.e.m.c.i.embedder.EclipseLogger - Copying 3 resources
2017-07-08 15:44:25,374 [Worker-9] INFO  o.e.m.c.i.embedder.EclipseLogger - Using 'UTF-8' encoding to copy filtered resources.
2017-07-08 15:44:25,376 [Worker-9] INFO  o.e.m.c.i.embedder.EclipseLogger - skip non existing resourceDirectory C:\Users\May\Desktop\ExempleCodeJavaWeb\rocknshop\src\test\resources
2017-07-08 15:50:21,777 [Worker-50] INFO  o.e.m.c.i.embedder.EclipseLogger - Using 'UTF-8' encoding to copy filtered resources.
2017-07-08 15:50:21,785 [Worker-50] INFO  o.e.m.c.i.embedder.EclipseLogger - Copying 2 resources
2017-07-08 15:50:21,797 [Worker-50] INFO  o.e.m.c.i.embedder.EclipseLogger - Copying 3 resources
2017-07-08 15:50:21,807 [Worker-50] INFO  o.e.m.c.i.embedder.EclipseLogger - Using 'UTF-8' encoding to copy filtered resources.
2017-07-08 15:50:21,807 [Worker-50] INFO  o.e.m.c.i.embedder.EclipseLogger - skip non existing resourceDirectory C:\Users\May\Desktop\ExempleCodeJavaWeb\rocknshop\src\test\resources
2017-07-08 15:51:20,786 [Worker-48] INFO  o.e.m.c.i.embedder.EclipseLogger - Using 'UTF-8' encoding to copy filtered resources.
2017-07-08 15:51:20,792 [Worker-48] INFO  o.e.m.c.i.embedder.EclipseLogger - Copying 2 resources
2017-07-08 15:51:20,805 [Worker-48] INFO  o.e.m.c.i.embedder.EclipseLogger - Copying 3 resources
2017-07-08 15:51:20,815 [Worker-48] INFO  o.e.m.c.i.embedder.EclipseLogger - Using 'UTF-8' encoding to copy filtered resources.
2017-07-08 15:51:20,817 [Worker-48] INFO  o.e.m.c.i.embedder.EclipseLogger - skip non existing resourceDirectory C:\Users\May\Desktop\ExempleCodeJavaWeb\rocknshop\src\test\resources
2017-07-08 16:12:40,414 [Worker-46] INFO  o.e.m.c.i.embedder.EclipseLogger - Using 'UTF-8' encoding to copy filtered resources.
2017-07-08 16:12:40,421 [Worker-46] INFO  o.e.m.c.i.embedder.EclipseLogger - Copying 2 resources
2017-07-08 16:12:40,439 [Worker-46] INFO  o.e.m.c.i.embedder.EclipseLogger - Copying 3 resources
2017-07-08 16:12:40,477 [Worker-46] INFO  o.e.m.c.i.embedder.EclipseLogger - Using 'UTF-8' encoding to copy filtered resources.
2017-07-08 16:12:40,478 [Worker-46] INFO  o.e.m.c.i.embedder.EclipseLogger - skip non existing resourceDirectory C:\Users\May\Desktop\ExempleCodeJavaWeb\rocknshop\src\test\resources
2017-07-08 16:13:31,864 [Worker-46] INFO  o.e.m.c.i.embedder.EclipseLogger - Using 'UTF-8' encoding to copy filtered resources.
2017-07-08 16:13:31,871 [Worker-46] INFO  o.e.m.c.i.embedder.EclipseLogger - Copying 2 resources
2017-07-08 16:13:31,883 [Worker-46] INFO  o.e.m.c.i.embedder.EclipseLogger - Copying 3 resources
2017-07-08 16:13:31,898 [Worker-46] INFO  o.e.m.c.i.embedder.EclipseLogger - Using 'UTF-8' encoding to copy filtered resources.
2017-07-08 16:13:31,899 [Worker-46] INFO  o.e.m.c.i.embedder.EclipseLogger - skip non existing resourceDirectory C:\Users\May\Desktop\ExempleCodeJavaWeb\rocknshop\src\test\resources
2017-07-08 16:16:22,636 [Worker-50] INFO  o.e.m.c.i.embedder.EclipseLogger - Using 'UTF-8' encoding to copy filtered resources.
2017-07-08 16:16:22,638 [Worker-50] INFO  o.e.m.c.i.embedder.EclipseLogger - Copying 0 resource
2017-07-08 16:16:22,639 [Worker-50] INFO  o.e.m.c.i.embedder.EclipseLogger - Copying 0 resource
2017-07-08 16:16:22,646 [Worker-50] INFO  o.e.m.c.i.embedder.EclipseLogger - Using 'UTF-8' encoding to copy filtered resources.
2017-07-08 16:16:22,647 [Worker-50] INFO  o.e.m.c.i.embedder.EclipseLogger - skip non existing resourceDirectory C:\Users\May\Desktop\ExempleCodeJavaWeb\rocknshop\src\test\resources
2017-07-08 16:17:54,540 [Worker-49] INFO  o.e.m.c.i.embedder.EclipseLogger - Using 'UTF-8' encoding to copy filtered resources.
2017-07-08 16:17:54,548 [Worker-49] INFO  o.e.m.c.i.embedder.EclipseLogger - Copying 2 resources
2017-07-08 16:17:54,562 [Worker-49] INFO  o.e.m.c.i.embedder.EclipseLogger - Copying 3 resources
2017-07-08 16:17:54,573 [Worker-49] INFO  o.e.m.c.i.embedder.EclipseLogger - Using 'UTF-8' encoding to copy filtered resources.
2017-07-08 16:17:54,574 [Worker-49] INFO  o.e.m.c.i.embedder.EclipseLogger - skip non existing resourceDirectory C:\Users\May\Desktop\ExempleCodeJavaWeb\rocknshop\src\test\resources
2017-07-08 16:18:35,782 [Worker-44] INFO  o.e.m.c.i.embedder.EclipseLogger - Using 'UTF-8' encoding to copy filtered resources.
2017-07-08 16:18:35,791 [Worker-44] INFO  o.e.m.c.i.embedder.EclipseLogger - Copying 2 resources
2017-07-08 16:18:35,805 [Worker-44] INFO  o.e.m.c.i.embedder.EclipseLogger - Copying 3 resources
2017-07-08 16:18:35,817 [Worker-44] INFO  o.e.m.c.i.embedder.EclipseLogger - Using 'UTF-8' encoding to copy filtered resources.
2017-07-08 16:18:35,817 [Worker-44] INFO  o.e.m.c.i.embedder.EclipseLogger - skip non existing resourceDirectory C:\Users\May\Desktop\ExempleCodeJavaWeb\rocknshop\src\test\resources
2017-07-08 16:20:41,850 [Worker-52] INFO  o.e.m.c.i.embedder.EclipseLogger - Using 'UTF-8' encoding to copy filtered resources.
2017-07-08 16:20:41,859 [Worker-52] INFO  o.e.m.c.i.embedder.EclipseLogger - Copying 2 resources
2017-07-08 16:20:41,871 [Worker-52] INFO  o.e.m.c.i.embedder.EclipseLogger - Copying 3 resources
2017-07-08 16:20:41,880 [Worker-52] INFO  o.e.m.c.i.embedder.EclipseLogger - Using 'UTF-8' encoding to copy filtered resources.
2017-07-08 16:20:41,881 [Worker-52] INFO  o.e.m.c.i.embedder.EclipseLogger - skip non existing resourceDirectory C:\Users\May\Desktop\ExempleCodeJavaWeb\rocknshop\src\test\resources
